{
  "stats": {
    "suites": 8,
    "tests": 52,
    "passes": 52,
    "pending": 0,
    "failures": 0,
    "start": "2022-11-04T18:22:36.053Z",
    "end": "2022-11-04T18:22:38.127Z",
    "duration": 2074,
    "testsRegistered": 52,
    "passPercent": 100,
    "pendingPercent": 0,
    "other": 0,
    "hasOther": false,
    "skipped": 0,
    "hasSkipped": false
  },
  "results": [
    {
      "uuid": "c75f6b15-d812-4682-bc77-995b22ef5200",
      "title": "",
      "fullFile": "cypress/e2e/HW/Hw1Test.cy.js",
      "file": "cypress/e2e/HW/Hw1Test.cy.js",
      "beforeHooks": [],
      "afterHooks": [],
      "tests": [],
      "suites": [
        {
          "uuid": "c68ec3d5-3106-406a-83b0-be8f8a4567ca",
          "title": "Загальні вимоги до сайту",
          "fullFile": "",
          "file": "",
          "beforeHooks": [],
          "afterHooks": [],
          "tests": [
            {
              "title": "Сайт відкривається в google chrome",
              "fullTitle": "Загальні вимоги до сайту Сайт відкривається в google chrome",
              "timedOut": null,
              "duration": 692,
              "state": "passed",
              "speed": "fast",
              "pass": true,
              "fail": false,
              "pending": false,
              "context": null,
              "code": "cy.visit(\"/\");",
              "err": {},
              "uuid": "7e97b8f7-f35e-49d6-ae9c-aeb694750a19",
              "parentUUID": "c68ec3d5-3106-406a-83b0-be8f8a4567ca",
              "isHook": false,
              "skipped": false
            },
            {
              "title": "Тег html має мати атрибут lang зі значенням uk",
              "fullTitle": "Загальні вимоги до сайту Тег html має мати атрибут lang зі значенням uk",
              "timedOut": null,
              "duration": 29,
              "state": "passed",
              "speed": "fast",
              "pass": true,
              "fail": false,
              "pending": false,
              "context": null,
              "code": "cy.get(\"html\").invoke(\"attr\", \"lang\").should(\"eq\", \"uk\");",
              "err": {},
              "uuid": "9d20d488-0fc2-4217-a929-dc437e37cdc5",
              "parentUUID": "c68ec3d5-3106-406a-83b0-be8f8a4567ca",
              "isHook": false,
              "skipped": false
            },
            {
              "title": "На сайті має бути присутній header",
              "fullTitle": "Загальні вимоги до сайту На сайті має бути присутній header",
              "timedOut": null,
              "duration": 24,
              "state": "passed",
              "speed": "fast",
              "pass": true,
              "fail": false,
              "pending": false,
              "context": null,
              "code": "cy.get(\"body > header\").should(\"be.visible\");",
              "err": {},
              "uuid": "96d2519b-8bf7-4191-9e7f-e01ec6bfdc59",
              "parentUUID": "c68ec3d5-3106-406a-83b0-be8f8a4567ca",
              "isHook": false,
              "skipped": false
            },
            {
              "title": "На сайті має бути присутній main",
              "fullTitle": "Загальні вимоги до сайту На сайті має бути присутній main",
              "timedOut": null,
              "duration": 20,
              "state": "passed",
              "speed": "fast",
              "pass": true,
              "fail": false,
              "pending": false,
              "context": null,
              "code": "cy.get(\"body > main\").should(\"be.visible\");",
              "err": {},
              "uuid": "1609f08e-790c-49f9-83f5-8097bca49ae4",
              "parentUUID": "c68ec3d5-3106-406a-83b0-be8f8a4567ca",
              "isHook": false,
              "skipped": false
            },
            {
              "title": "На сайті має бути присутній footer",
              "fullTitle": "Загальні вимоги до сайту На сайті має бути присутній footer",
              "timedOut": null,
              "duration": 17,
              "state": "passed",
              "speed": "fast",
              "pass": true,
              "fail": false,
              "pending": false,
              "context": null,
              "code": "cy.get(\"body > footer\").should(\"be.visible\");",
              "err": {},
              "uuid": "57633910-ccab-4a45-87dc-9a300498f909",
              "parentUUID": "c68ec3d5-3106-406a-83b0-be8f8a4567ca",
              "isHook": false,
              "skipped": false
            }
          ],
          "suites": [],
          "passes": [
            "7e97b8f7-f35e-49d6-ae9c-aeb694750a19",
            "9d20d488-0fc2-4217-a929-dc437e37cdc5",
            "96d2519b-8bf7-4191-9e7f-e01ec6bfdc59",
            "1609f08e-790c-49f9-83f5-8097bca49ae4",
            "57633910-ccab-4a45-87dc-9a300498f909"
          ],
          "failures": [],
          "pending": [],
          "skipped": [],
          "duration": 782,
          "root": false,
          "rootEmpty": false,
          "_timeout": 2000
        },
        {
          "uuid": "f7ffc853-6b06-4dba-b40c-b26d5c8cd66c",
          "title": "Перевірка хедера",
          "fullFile": "",
          "file": "",
          "beforeHooks": [],
          "afterHooks": [],
          "tests": [
            {
              "title": "Всередині header першим елементом іде навігація, що створена через тег nav",
              "fullTitle": "Перевірка хедера Всередині header першим елементом іде навігація, що створена через тег nav",
              "timedOut": null,
              "duration": 21,
              "state": "passed",
              "speed": "fast",
              "pass": true,
              "fail": false,
              "pending": false,
              "context": null,
              "code": "cy.get(\"header > nav\").should(\"be.visible\");",
              "err": {},
              "uuid": "2d1b8fa4-8298-4b05-a6a4-511f6d478861",
              "parentUUID": "f7ffc853-6b06-4dba-b40c-b26d5c8cd66c",
              "isHook": false,
              "skipped": false
            },
            {
              "title": "Тег nav містить 2 дочірніх елемента",
              "fullTitle": "Перевірка хедера Тег nav містить 2 дочірніх елемента",
              "timedOut": null,
              "duration": 23,
              "state": "passed",
              "speed": "fast",
              "pass": true,
              "fail": false,
              "pending": false,
              "context": null,
              "code": "cy.get(\"header > nav\").children().should(\"have.length\", 2);",
              "err": {},
              "uuid": "44ea7ba4-0f6e-46b0-b997-0a99d6be0697",
              "parentUUID": "f7ffc853-6b06-4dba-b40c-b26d5c8cd66c",
              "isHook": false,
              "skipped": false
            },
            {
              "title": "Першим дочірнім елементом є логотип, що зроблений через тег a",
              "fullTitle": "Перевірка хедера Першим дочірнім елементом є логотип, що зроблений через тег a",
              "timedOut": null,
              "duration": 18,
              "state": "passed",
              "speed": "fast",
              "pass": true,
              "fail": false,
              "pending": false,
              "context": null,
              "code": "cy.get(\"header > nav > a\").should(\"be.visible\");",
              "err": {},
              "uuid": "df65f340-e771-4217-902b-db429d155744",
              "parentUUID": "f7ffc853-6b06-4dba-b40c-b26d5c8cd66c",
              "isHook": false,
              "skipped": false
            },
            {
              "title": "Логотип це посилання з атрибутом href=”/”",
              "fullTitle": "Перевірка хедера Логотип це посилання з атрибутом href=”/”",
              "timedOut": null,
              "duration": 23,
              "state": "passed",
              "speed": "fast",
              "pass": true,
              "fail": false,
              "pending": false,
              "context": null,
              "code": "cy.get(\"header > nav > a\").invoke(\"attr\", \"href\").should(\"eq\", \"/\");",
              "err": {},
              "uuid": "250f2ade-d03e-4a70-9958-2fbd75562f0d",
              "parentUUID": "f7ffc853-6b06-4dba-b40c-b26d5c8cd66c",
              "isHook": false,
              "skipped": false
            },
            {
              "title": "Логотип містить контент WebStudio",
              "fullTitle": "Перевірка хедера Логотип містить контент WebStudio",
              "timedOut": null,
              "duration": 17,
              "state": "passed",
              "speed": "fast",
              "pass": true,
              "fail": false,
              "pending": false,
              "context": null,
              "code": "cy.get(\"header > nav > a\").should(\"have.text\", \"WebStudio\");",
              "err": {},
              "uuid": "f8a219be-0417-411e-8705-32fe08f8a2e1",
              "parentUUID": "f7ffc853-6b06-4dba-b40c-b26d5c8cd66c",
              "isHook": false,
              "skipped": false
            },
            {
              "title": "Другим дочірнім елементом тега nav виступає меню -  ненумерований список, що зроблений через тег ul",
              "fullTitle": "Перевірка хедера Другим дочірнім елементом тега nav виступає меню -  ненумерований список, що зроблений через тег ul",
              "timedOut": null,
              "duration": 17,
              "state": "passed",
              "speed": "fast",
              "pass": true,
              "fail": false,
              "pending": false,
              "context": null,
              "code": "cy.get(\"nav > ul\").should(\"be.visible\");",
              "err": {},
              "uuid": "e1a31726-6086-4e11-8f98-941f1497c3ff",
              "parentUUID": "f7ffc853-6b06-4dba-b40c-b26d5c8cd66c",
              "isHook": false,
              "skipped": false
            },
            {
              "title": "Меню складається з 3-х пунктів (3 тега li)",
              "fullTitle": "Перевірка хедера Меню складається з 3-х пунктів (3 тега li)",
              "timedOut": null,
              "duration": 20,
              "state": "passed",
              "speed": "fast",
              "pass": true,
              "fail": false,
              "pending": false,
              "context": null,
              "code": "cy.get(\"nav > ul\").children().should(\"have.length\", 3);",
              "err": {},
              "uuid": "5aed5043-7227-467b-aab9-d073b5bcd464",
              "parentUUID": "f7ffc853-6b06-4dba-b40c-b26d5c8cd66c",
              "isHook": false,
              "skipped": false
            },
            {
              "title": "Перший пункт меню містить всередині себе тег a з артрибутом href=”” та контентом Студія",
              "fullTitle": "Перевірка хедера Перший пункт меню містить всередині себе тег a з артрибутом href=”” та контентом Студія",
              "timedOut": null,
              "duration": 23,
              "state": "passed",
              "speed": "fast",
              "pass": true,
              "fail": false,
              "pending": false,
              "context": null,
              "code": "cy.get(\"nav > ul > li:first-child > a\").invoke(\"attr\", \"href\").should(\"eq\", \"\");\ncy.get(\"nav > ul > li:first-child > a\").should(\"have.text\", \"Студія\");",
              "err": {},
              "uuid": "73feafba-6c4c-4889-9417-9e0a4fbac5cd",
              "parentUUID": "f7ffc853-6b06-4dba-b40c-b26d5c8cd66c",
              "isHook": false,
              "skipped": false
            },
            {
              "title": "Другий пункт меню містить всередині себе тег a з артрибутом href=”” та контентом Портфоліо",
              "fullTitle": "Перевірка хедера Другий пункт меню містить всередині себе тег a з артрибутом href=”” та контентом Портфоліо",
              "timedOut": null,
              "duration": 27,
              "state": "passed",
              "speed": "fast",
              "pass": true,
              "fail": false,
              "pending": false,
              "context": null,
              "code": "cy.get(\"nav > ul > li:nth-child(2) > a\").invoke(\"attr\", \"href\").should(\"eq\", \"\");\ncy.get(\"nav > ul > li:nth-child(2) > a\").should(\"have.text\", \"Портфоліо\");",
              "err": {},
              "uuid": "8c6c1c01-8120-456c-b003-22f244241802",
              "parentUUID": "f7ffc853-6b06-4dba-b40c-b26d5c8cd66c",
              "isHook": false,
              "skipped": false
            },
            {
              "title": "Третій пункт меню містить всередині себе тег a з артрибутом href=”” та контентом Контакти",
              "fullTitle": "Перевірка хедера Третій пункт меню містить всередині себе тег a з артрибутом href=”” та контентом Контакти",
              "timedOut": null,
              "duration": 20,
              "state": "passed",
              "speed": "fast",
              "pass": true,
              "fail": false,
              "pending": false,
              "context": null,
              "code": "cy.get(\"nav > ul > li:nth-child(3) > a\").invoke(\"attr\", \"href\").should(\"eq\", \"\");\ncy.get(\"nav > ul > li:nth-child(3) > a\").should(\"have.text\", \"Контакти\");",
              "err": {},
              "uuid": "755a3d58-1727-44d1-bd3c-84ab483f1286",
              "parentUUID": "f7ffc853-6b06-4dba-b40c-b26d5c8cd66c",
              "isHook": false,
              "skipped": false
            },
            {
              "title": "Після навігації в розмітці розміщений ненумерований список (ul) з контактними даними, в якому зберігається номер телефону та пошта",
              "fullTitle": "Перевірка хедера Після навігації в розмітці розміщений ненумерований список (ul) з контактними даними, в якому зберігається номер телефону та пошта",
              "timedOut": null,
              "duration": 16,
              "state": "passed",
              "speed": "fast",
              "pass": true,
              "fail": false,
              "pending": false,
              "context": null,
              "code": "cy.get(\"nav + ul\").should(\"be.visible\");",
              "err": {},
              "uuid": "37fd5bc9-d939-4cca-872a-e6848c666cb8",
              "parentUUID": "f7ffc853-6b06-4dba-b40c-b26d5c8cd66c",
              "isHook": false,
              "skipped": false
            },
            {
              "title": "Список з контактними даними складається з 2-х пунктів (li)",
              "fullTitle": "Перевірка хедера Список з контактними даними складається з 2-х пунктів (li)",
              "timedOut": null,
              "duration": 26,
              "state": "passed",
              "speed": "fast",
              "pass": true,
              "fail": false,
              "pending": false,
              "context": null,
              "code": "cy.get(\"nav + ul\").children().should(\"have.length\", 2);",
              "err": {},
              "uuid": "85b2c7d4-ab1f-42fe-b8dd-559f1e26d9f3",
              "parentUUID": "f7ffc853-6b06-4dba-b40c-b26d5c8cd66c",
              "isHook": false,
              "skipped": false
            },
            {
              "title": "Перший пункт контактних данних містить всередині себе тег а з атрибутом href=”mailto:info@devstudio.com” та контентом info@devstudio.com",
              "fullTitle": "Перевірка хедера Перший пункт контактних данних містить всередині себе тег а з атрибутом href=”mailto:info@devstudio.com” та контентом info@devstudio.com",
              "timedOut": null,
              "duration": 22,
              "state": "passed",
              "speed": "fast",
              "pass": true,
              "fail": false,
              "pending": false,
              "context": null,
              "code": "cy.get(\"nav + ul > li:first-child > a\").invoke(\"attr\", \"href\").should(\"eq\", \"mailto:info@devstudio.com\");\ncy.get(\"nav + ul > li:first-child > a\").should(\"have.text\", \"info@devstudio.com\");",
              "err": {},
              "uuid": "35996c4f-312b-4ea1-897d-3696145d792c",
              "parentUUID": "f7ffc853-6b06-4dba-b40c-b26d5c8cd66c",
              "isHook": false,
              "skipped": false
            },
            {
              "title": "Другий пункт контактних данних містить всередині себе тег а з атрибутом href=”tel:+380961111111” (БЕЗ ПРОБІЛІВ) та контентом +38 096 111 11 11",
              "fullTitle": "Перевірка хедера Другий пункт контактних данних містить всередині себе тег а з атрибутом href=”tel:+380961111111” (БЕЗ ПРОБІЛІВ) та контентом +38 096 111 11 11",
              "timedOut": null,
              "duration": 27,
              "state": "passed",
              "speed": "fast",
              "pass": true,
              "fail": false,
              "pending": false,
              "context": null,
              "code": "cy.get(\"nav + ul > li:nth-child(2) > a\").invoke(\"attr\", \"href\").should(\"eq\", \"tel:+380961111111\");\ncy.get(\"nav + ul > li:nth-child(2) > a\").should(\"have.text\", \"+38 096 111 11 11\");",
              "err": {},
              "uuid": "1d8a15be-7503-4f15-abaf-d42b2d408c80",
              "parentUUID": "f7ffc853-6b06-4dba-b40c-b26d5c8cd66c",
              "isHook": false,
              "skipped": false
            }
          ],
          "suites": [],
          "passes": [
            "2d1b8fa4-8298-4b05-a6a4-511f6d478861",
            "44ea7ba4-0f6e-46b0-b997-0a99d6be0697",
            "df65f340-e771-4217-902b-db429d155744",
            "250f2ade-d03e-4a70-9958-2fbd75562f0d",
            "f8a219be-0417-411e-8705-32fe08f8a2e1",
            "e1a31726-6086-4e11-8f98-941f1497c3ff",
            "5aed5043-7227-467b-aab9-d073b5bcd464",
            "73feafba-6c4c-4889-9417-9e0a4fbac5cd",
            "8c6c1c01-8120-456c-b003-22f244241802",
            "755a3d58-1727-44d1-bd3c-84ab483f1286",
            "37fd5bc9-d939-4cca-872a-e6848c666cb8",
            "85b2c7d4-ab1f-42fe-b8dd-559f1e26d9f3",
            "35996c4f-312b-4ea1-897d-3696145d792c",
            "1d8a15be-7503-4f15-abaf-d42b2d408c80"
          ],
          "failures": [],
          "pending": [],
          "skipped": [],
          "duration": 300,
          "root": false,
          "rootEmpty": false,
          "_timeout": 2000
        },
        {
          "uuid": "3b12af33-fe6a-4782-b640-111a692bbf7d",
          "title": "Перевірка тега main",
          "fullFile": "",
          "file": "",
          "beforeHooks": [],
          "afterHooks": [],
          "tests": [
            {
              "title": "Тег main містить всередині себе 4 секції",
              "fullTitle": "Перевірка тега main Тег main містить всередині себе 4 секції",
              "timedOut": null,
              "duration": 25,
              "state": "passed",
              "speed": "fast",
              "pass": true,
              "fail": false,
              "pending": false,
              "context": null,
              "code": "cy.get(\"main\").children(\"section\").should(\"have.length\", 4);",
              "err": {},
              "uuid": "3487a7e1-15b1-40f2-bd39-4aeeba51ee35",
              "parentUUID": "3b12af33-fe6a-4782-b640-111a692bbf7d",
              "isHook": false,
              "skipped": false
            }
          ],
          "suites": [],
          "passes": [
            "3487a7e1-15b1-40f2-bd39-4aeeba51ee35"
          ],
          "failures": [],
          "pending": [],
          "skipped": [],
          "duration": 25,
          "root": false,
          "rootEmpty": false,
          "_timeout": 2000
        },
        {
          "uuid": "06f03ce6-57f7-4fd3-a392-58424b96e43c",
          "title": "Перевірка тега main - перша секція",
          "fullFile": "",
          "file": "",
          "beforeHooks": [],
          "afterHooks": [],
          "tests": [
            {
              "title": "Секція номер №1 містить заголовок h1 з контентом Ефективні рішення для вашого бізнесу",
              "fullTitle": "Перевірка тега main - перша секція Секція номер №1 містить заголовок h1 з контентом Ефективні рішення для вашого бізнесу",
              "timedOut": null,
              "duration": 20,
              "state": "passed",
              "speed": "fast",
              "pass": true,
              "fail": false,
              "pending": false,
              "context": null,
              "code": "cy.get(\"main > section:first-child > h1\").should(\"be.visible\");\ncy.get(\"main > section:first-child > h1\").should(\"have.text\", \"Ефективні рішення для вашого бізнесу\");",
              "err": {},
              "uuid": "3fb8c8e4-da7b-45eb-a824-4588cfd9f981",
              "parentUUID": "06f03ce6-57f7-4fd3-a392-58424b96e43c",
              "isHook": false,
              "skipped": false
            },
            {
              "title": "В секції №1 після заголовку йде кнопка зроблена через тег button з актрибутом type='button'.",
              "fullTitle": "Перевірка тега main - перша секція В секції №1 після заголовку йде кнопка зроблена через тег button з актрибутом type='button'.",
              "timedOut": null,
              "duration": 19,
              "state": "passed",
              "speed": "fast",
              "pass": true,
              "fail": false,
              "pending": false,
              "context": null,
              "code": "cy.get(\"main > section:first-child > button\").invoke(\"attr\", \"type\").should(\"eq\", \"button\");",
              "err": {},
              "uuid": "2ce6a5a7-38ec-4c76-a332-dbee517521d0",
              "parentUUID": "06f03ce6-57f7-4fd3-a392-58424b96e43c",
              "isHook": false,
              "skipped": false
            },
            {
              "title": "Кнопка містить контент Замовити послугу",
              "fullTitle": "Перевірка тега main - перша секція Кнопка містить контент Замовити послугу",
              "timedOut": null,
              "duration": 19,
              "state": "passed",
              "speed": "fast",
              "pass": true,
              "fail": false,
              "pending": false,
              "context": null,
              "code": "cy.get(\"main > section:first-child > button\").should(\"have.text\", \"Замовити послугу\");",
              "err": {},
              "uuid": "96196c8b-b929-468f-95cf-a6da3dd51f47",
              "parentUUID": "06f03ce6-57f7-4fd3-a392-58424b96e43c",
              "isHook": false,
              "skipped": false
            }
          ],
          "suites": [],
          "passes": [
            "3fb8c8e4-da7b-45eb-a824-4588cfd9f981",
            "2ce6a5a7-38ec-4c76-a332-dbee517521d0",
            "96196c8b-b929-468f-95cf-a6da3dd51f47"
          ],
          "failures": [],
          "pending": [],
          "skipped": [],
          "duration": 58,
          "root": false,
          "rootEmpty": false,
          "_timeout": 2000
        },
        {
          "uuid": "8ba38629-f5be-4f85-9425-0c1a0bf716e4",
          "title": "Перевірка тега main - друга секція",
          "fullFile": "",
          "file": "",
          "beforeHooks": [],
          "afterHooks": [],
          "tests": [
            {
              "title": "Секція №2 містить заголовок зроблений тегом h2, який містить контент Наші особливості",
              "fullTitle": "Перевірка тега main - друга секція Секція №2 містить заголовок зроблений тегом h2, який містить контент Наші особливості",
              "timedOut": null,
              "duration": 21,
              "state": "passed",
              "speed": "fast",
              "pass": true,
              "fail": false,
              "pending": false,
              "context": null,
              "code": "cy.get(\"main > section:nth-child(2) > h2\").should(\"have.text\", \"Наші особливості\");",
              "err": {},
              "uuid": "e6bb2c92-bf01-4522-a5ef-7bb537251900",
              "parentUUID": "8ba38629-f5be-4f85-9425-0c1a0bf716e4",
              "isHook": false,
              "skipped": false
            },
            {
              "title": "Секція №2 містить список особливостей, що йде після заголовка",
              "fullTitle": "Перевірка тега main - друга секція Секція №2 містить список особливостей, що йде після заголовка",
              "timedOut": null,
              "duration": 18,
              "state": "passed",
              "speed": "fast",
              "pass": true,
              "fail": false,
              "pending": false,
              "context": null,
              "code": "cy.get(\"main > section:nth-child(2) > ul \").should(\"be.visible\");",
              "err": {},
              "uuid": "cb8d0faf-6b05-4db9-a0b7-e1cd6a0c4f97",
              "parentUUID": "8ba38629-f5be-4f85-9425-0c1a0bf716e4",
              "isHook": false,
              "skipped": false
            },
            {
              "title": "Список особливостей зроблений через тег ul та містить 4 дочірніх елемента (li)",
              "fullTitle": "Перевірка тега main - друга секція Список особливостей зроблений через тег ul та містить 4 дочірніх елемента (li)",
              "timedOut": null,
              "duration": 23,
              "state": "passed",
              "speed": "fast",
              "pass": true,
              "fail": false,
              "pending": false,
              "context": null,
              "code": "cy.get(\"main > section:nth-child(2) > ul\").children(\"li\").should(\"have.length\", 4);",
              "err": {},
              "uuid": "92c21e4a-e610-497b-ab92-4a619a5b32da",
              "parentUUID": "8ba38629-f5be-4f85-9425-0c1a0bf716e4",
              "isHook": false,
              "skipped": false
            },
            {
              "title": "Перший елемент списку містить тег h3 з контентом Увага до деталей та p з контентом Ідейні міркування, і навіть початок повсякденної роботи з формування позиції.",
              "fullTitle": "Перевірка тега main - друга секція Перший елемент списку містить тег h3 з контентом Увага до деталей та p з контентом Ідейні міркування, і навіть початок повсякденної роботи з формування позиції.",
              "timedOut": null,
              "duration": 23,
              "state": "passed",
              "speed": "fast",
              "pass": true,
              "fail": false,
              "pending": false,
              "context": null,
              "code": "cy.get(\"main > section:nth-child(2) > ul > li:first-child\").find(\"h3\").should(\"have.text\", \"Увага до деталей\");\ncy.get(\"main > section:nth-child(2) > ul > li:first-child\").find(\"p\").should(\"have.text\", \"Ідейні міркування, і навіть початок повсякденної роботи з формування позиції.\");",
              "err": {},
              "uuid": "7ed98c4b-5e3d-4fa2-afe5-c8234980e08b",
              "parentUUID": "8ba38629-f5be-4f85-9425-0c1a0bf716e4",
              "isHook": false,
              "skipped": false
            },
            {
              "title": "Другий елемент списку містить тег h3 з контентом Пунктуальність та p з контентом Завдання організації, особливо рамки і місце навчання кадрів тягне у себе.",
              "fullTitle": "Перевірка тега main - друга секція Другий елемент списку містить тег h3 з контентом Пунктуальність та p з контентом Завдання організації, особливо рамки і місце навчання кадрів тягне у себе.",
              "timedOut": null,
              "duration": 26,
              "state": "passed",
              "speed": "fast",
              "pass": true,
              "fail": false,
              "pending": false,
              "context": null,
              "code": "cy.get(\"main > section:nth-child(2) > ul > li:nth-child(2)\").find(\"h3\").should(\"have.text\", \"Пунктуальність\");\ncy.get(\"main > section:nth-child(2) > ul > li:nth-child(2)\").find(\"p\").should(\"have.text\", \"Завдання організації, особливо рамки і місце навчання кадрів тягне у себе.\");",
              "err": {},
              "uuid": "74c055ff-24da-4e2d-be79-9caf1e9d9223",
              "parentUUID": "8ba38629-f5be-4f85-9425-0c1a0bf716e4",
              "isHook": false,
              "skipped": false
            },
            {
              "title": "Третій елемент списку містить тег h3 з контентом Планування та p з контентом Так само консультація з широким активом значною мірою зумовлює.",
              "fullTitle": "Перевірка тега main - друга секція Третій елемент списку містить тег h3 з контентом Планування та p з контентом Так само консультація з широким активом значною мірою зумовлює.",
              "timedOut": null,
              "duration": 27,
              "state": "passed",
              "speed": "fast",
              "pass": true,
              "fail": false,
              "pending": false,
              "context": null,
              "code": "cy.get(\"main > section:nth-child(2) > ul > li:nth-child(3)\").find(\"h3\").should(\"have.text\", \"Планування\");\ncy.get(\"main > section:nth-child(2) > ul > li:nth-child(3)\").find(\"p\").should(\"have.text\", \"Так само консультація з широким активом значною мірою зумовлює.\");",
              "err": {},
              "uuid": "d37cb93d-bb25-4728-be8a-ef6f211f526d",
              "parentUUID": "8ba38629-f5be-4f85-9425-0c1a0bf716e4",
              "isHook": false,
              "skipped": false
            },
            {
              "title": "Четвертий елемент списку містить тег h3 з контентом Сучасні технології та p з контентом Значимість цих проблем настільки очевидна, що реалізація планових завдань.",
              "fullTitle": "Перевірка тега main - друга секція Четвертий елемент списку містить тег h3 з контентом Сучасні технології та p з контентом Значимість цих проблем настільки очевидна, що реалізація планових завдань.",
              "timedOut": null,
              "duration": 25,
              "state": "passed",
              "speed": "fast",
              "pass": true,
              "fail": false,
              "pending": false,
              "context": null,
              "code": "cy.get(\"main > section:nth-child(2) > ul > li:nth-child(4)\").find(\"h3\").should(\"have.text\", \"Сучасні технології\");\ncy.get(\"main > section:nth-child(2) > ul > li:nth-child(4)\").find(\"p\").should(\"have.text\", \"Значимість цих проблем настільки очевидна, що реалізація планових завдань.\");",
              "err": {},
              "uuid": "cf2f709a-6b75-43ec-a373-6f150d3aa7ec",
              "parentUUID": "8ba38629-f5be-4f85-9425-0c1a0bf716e4",
              "isHook": false,
              "skipped": false
            }
          ],
          "suites": [],
          "passes": [
            "e6bb2c92-bf01-4522-a5ef-7bb537251900",
            "cb8d0faf-6b05-4db9-a0b7-e1cd6a0c4f97",
            "92c21e4a-e610-497b-ab92-4a619a5b32da",
            "7ed98c4b-5e3d-4fa2-afe5-c8234980e08b",
            "74c055ff-24da-4e2d-be79-9caf1e9d9223",
            "d37cb93d-bb25-4728-be8a-ef6f211f526d",
            "cf2f709a-6b75-43ec-a373-6f150d3aa7ec"
          ],
          "failures": [],
          "pending": [],
          "skipped": [],
          "duration": 163,
          "root": false,
          "rootEmpty": false,
          "_timeout": 2000
        },
        {
          "uuid": "c5a59251-a416-4aeb-90bd-62272f844733",
          "title": "Перевірка тега main - третя секція",
          "fullFile": "",
          "file": "",
          "beforeHooks": [],
          "afterHooks": [],
          "tests": [
            {
              "title": "Секція №3 містить заголовок h2 з контентом Чим ми займаємося",
              "fullTitle": "Перевірка тега main - третя секція Секція №3 містить заголовок h2 з контентом Чим ми займаємося",
              "timedOut": null,
              "duration": 26,
              "state": "passed",
              "speed": "fast",
              "pass": true,
              "fail": false,
              "pending": false,
              "context": null,
              "code": "cy.get(\"main > section:nth-child(3) > h2\").should(\"be.visible\");\ncy.get(\"main > section:nth-child(3) > h2\").should(\"have.text\", \"Чим ми займаємося\");",
              "err": {},
              "uuid": "94f13467-4b4c-4638-a1b2-4b535fdab810",
              "parentUUID": "c5a59251-a416-4aeb-90bd-62272f844733",
              "isHook": false,
              "skipped": false
            },
            {
              "title": "В третій секції є список з картинками, що складається з 3-х пунктів ",
              "fullTitle": "Перевірка тега main - третя секція В третій секції є список з картинками, що складається з 3-х пунктів ",
              "timedOut": null,
              "duration": 19,
              "state": "passed",
              "speed": "fast",
              "pass": true,
              "fail": false,
              "pending": false,
              "context": null,
              "code": "cy.get(\"main > section:nth-child(3) > ul\").children(\"li\").should(\"have.length\", 3);",
              "err": {},
              "uuid": "9427ee8d-e370-4723-a493-6cf40d7ac155",
              "parentUUID": "c5a59251-a416-4aeb-90bd-62272f844733",
              "isHook": false,
              "skipped": false
            },
            {
              "title": "В першому пункті списку зберігається картинка зроблена тегом img з атрибутами 1. src - атрибут в якому просисана адреса до картинки що починається з ./images та закінчується на .jpg  2. alt - атрибут який обовязково має бути заповнений 3. width - атрибут, що містить значення 370 4. height - атрибут, що містьть значення 294",
              "fullTitle": "Перевірка тега main - третя секція В першому пункті списку зберігається картинка зроблена тегом img з атрибутами 1. src - атрибут в якому просисана адреса до картинки що починається з ./images та закінчується на .jpg  2. alt - атрибут який обовязково має бути заповнений 3. width - атрибут, що містить значення 370 4. height - атрибут, що містьть значення 294",
              "timedOut": null,
              "duration": 42,
              "state": "passed",
              "speed": "fast",
              "pass": true,
              "fail": false,
              "pending": false,
              "context": null,
              "code": "cy.get(\"main > section:nth-child(3) > ul > li:first-child\").find(\"img\").invoke(\"attr\", \"src\").should(\"includes\", \"./images\");\ncy.get(\"main > section:nth-child(3) > ul > li:first-child\").find(\"img\").invoke(\"attr\", \"alt\").should(\"not.be.eq\", \"\");\ncy.get(\"main > section:nth-child(3) > ul > li:first-child\").find(\"img\").invoke(\"attr\", \"width\").should(\"eq\", \"370\");\ncy.get(\"main > section:nth-child(3) > ul > li:first-child\").find(\"img\").invoke(\"attr\", \"height\").should(\"eq\", \"294\");",
              "err": {},
              "uuid": "8906da2c-9e15-428f-929d-12ea89ab0451",
              "parentUUID": "c5a59251-a416-4aeb-90bd-62272f844733",
              "isHook": false,
              "skipped": false
            },
            {
              "title": "В другому пункті списку зберігається картинка зроблена тегом img з атрибутами 1. src - атрибут в якому просисана адреса до картинки що починається з ./images та закінчується на .jpg  2. alt - атрибут який обовязково має бути заповнений 3. width - атрибут, що містить значення 370 4. height - атрибут, що містьть значення 294",
              "fullTitle": "Перевірка тега main - третя секція В другому пункті списку зберігається картинка зроблена тегом img з атрибутами 1. src - атрибут в якому просисана адреса до картинки що починається з ./images та закінчується на .jpg  2. alt - атрибут який обовязково має бути заповнений 3. width - атрибут, що містить значення 370 4. height - атрибут, що містьть значення 294",
              "timedOut": null,
              "duration": 37,
              "state": "passed",
              "speed": "fast",
              "pass": true,
              "fail": false,
              "pending": false,
              "context": null,
              "code": "cy.get(\"main > section:nth-child(3) > ul > li:nth-child(2)\").find(\"img\").invoke(\"attr\", \"src\").should(\"includes\", \"./images\");\ncy.get(\"main > section:nth-child(3) > ul > li:nth-child(2)\").find(\"img\").invoke(\"attr\", \"alt\").should(\"not.be.eq\", \"\");\ncy.get(\"main > section:nth-child(3) > ul > li:nth-child(2)\").find(\"img\").invoke(\"attr\", \"width\").should(\"eq\", \"370\");\ncy.get(\"main > section:nth-child(3) > ul > li:nth-child(2)\").find(\"img\").invoke(\"attr\", \"height\").should(\"eq\", \"294\");",
              "err": {},
              "uuid": "22057536-b33d-43e2-9c62-ce8ed6849b76",
              "parentUUID": "c5a59251-a416-4aeb-90bd-62272f844733",
              "isHook": false,
              "skipped": false
            },
            {
              "title": "В третьому пункті списку зберігається картинка зроблена тегом img з атрибутами 1. src - атрибут в якому просисана адреса до картинки що починається з ./images та закінчується на .jpg  2. alt - атрибут який обовязково має бути заповнений 3. width - атрибут, що містить значення 370 4. height - атрибут, що містьть значення 294",
              "fullTitle": "Перевірка тега main - третя секція В третьому пункті списку зберігається картинка зроблена тегом img з атрибутами 1. src - атрибут в якому просисана адреса до картинки що починається з ./images та закінчується на .jpg  2. alt - атрибут який обовязково має бути заповнений 3. width - атрибут, що містить значення 370 4. height - атрибут, що містьть значення 294",
              "timedOut": null,
              "duration": 38,
              "state": "passed",
              "speed": "fast",
              "pass": true,
              "fail": false,
              "pending": false,
              "context": null,
              "code": "cy.get(\"main > section:nth-child(3) > ul > li:nth-child(3)\").find(\"img\").invoke(\"attr\", \"src\").should(\"includes\", \"./images\");\ncy.get(\"main > section:nth-child(3) > ul > li:nth-child(3)\").find(\"img\").invoke(\"attr\", \"alt\").should(\"not.be.eq\", \"\");\ncy.get(\"main > section:nth-child(3) > ul > li:nth-child(3)\").find(\"img\").invoke(\"attr\", \"width\").should(\"eq\", \"370\");\ncy.get(\"main > section:nth-child(3) > ul > li:nth-child(3)\").find(\"img\").invoke(\"attr\", \"height\").should(\"eq\", \"294\");",
              "err": {},
              "uuid": "de9d0436-58d8-4ab3-8624-1002a7ff7e08",
              "parentUUID": "c5a59251-a416-4aeb-90bd-62272f844733",
              "isHook": false,
              "skipped": false
            }
          ],
          "suites": [],
          "passes": [
            "94f13467-4b4c-4638-a1b2-4b535fdab810",
            "9427ee8d-e370-4723-a493-6cf40d7ac155",
            "8906da2c-9e15-428f-929d-12ea89ab0451",
            "22057536-b33d-43e2-9c62-ce8ed6849b76",
            "de9d0436-58d8-4ab3-8624-1002a7ff7e08"
          ],
          "failures": [],
          "pending": [],
          "skipped": [],
          "duration": 162,
          "root": false,
          "rootEmpty": false,
          "_timeout": 2000
        },
        {
          "uuid": "02c03883-c7fe-44c4-b436-d15b608dc866",
          "title": "Перевірка тега main - четверта секція",
          "fullFile": "",
          "file": "",
          "beforeHooks": [],
          "afterHooks": [],
          "tests": [
            {
              "title": "Секція №4 містить заголовок h2 з контентом Наша команда",
              "fullTitle": "Перевірка тега main - четверта секція Секція №4 містить заголовок h2 з контентом Наша команда",
              "timedOut": null,
              "duration": 26,
              "state": "passed",
              "speed": "fast",
              "pass": true,
              "fail": false,
              "pending": false,
              "context": null,
              "code": "cy.get(\"main > section:nth-child(4) > h2\").should(\"be.visible\");\ncy.get(\"main > section:nth-child(4) > h2\").should(\"have.text\", \"Наша команда\");",
              "err": {},
              "uuid": "efe31cbd-ba1b-4b16-8242-b8b02d4cd1d9",
              "parentUUID": "02c03883-c7fe-44c4-b436-d15b608dc866",
              "isHook": false,
              "skipped": false
            },
            {
              "title": "В секції №4 після заголовка є список працівників зроблений через тег ul",
              "fullTitle": "Перевірка тега main - четверта секція В секції №4 після заголовка є список працівників зроблений через тег ul",
              "timedOut": null,
              "duration": 16,
              "state": "passed",
              "speed": "fast",
              "pass": true,
              "fail": false,
              "pending": false,
              "context": null,
              "code": "cy.get(\"main > section:nth-child(4) > ul \").should(\"be.visible\");",
              "err": {},
              "uuid": "0b5bf42c-8004-497b-9a1e-ad10c4f739a3",
              "parentUUID": "02c03883-c7fe-44c4-b436-d15b608dc866",
              "isHook": false,
              "skipped": false
            },
            {
              "title": "Список працівників має 4 елементи li",
              "fullTitle": "Перевірка тега main - четверта секція Список працівників має 4 елементи li",
              "timedOut": null,
              "duration": 20,
              "state": "passed",
              "speed": "fast",
              "pass": true,
              "fail": false,
              "pending": false,
              "context": null,
              "code": "cy.get(\"main > section:nth-child(4) > ul\").children(\"li\").should(\"have.length\", 4);",
              "err": {},
              "uuid": "abb46ad9-7f2e-4887-a359-dc9b7eccdad4",
              "parentUUID": "02c03883-c7fe-44c4-b436-d15b608dc866",
              "isHook": false,
              "skipped": false
            },
            {
              "title": "В першому пункті списку зберігається картинка зроблена тегом img з атрибутами 1) src - атрибут в якому просисана адреса до картинки що починається з ./images та закінчується на .jpg 2) alt - атрибут який обовязково має бути заповнений 3) width - атрибут, що містить значення 270 4) height - атрибут, що містьть значення 260",
              "fullTitle": "Перевірка тега main - четверта секція В першому пункті списку зберігається картинка зроблена тегом img з атрибутами 1) src - атрибут в якому просисана адреса до картинки що починається з ./images та закінчується на .jpg 2) alt - атрибут який обовязково має бути заповнений 3) width - атрибут, що містить значення 270 4) height - атрибут, що містьть значення 260",
              "timedOut": null,
              "duration": 33,
              "state": "passed",
              "speed": "fast",
              "pass": true,
              "fail": false,
              "pending": false,
              "context": null,
              "code": "cy.get(\"main > section:nth-child(4) > ul > li:first-child\").find(\"img\").invoke(\"attr\", \"src\").should(\"includes\", \"./images\");\ncy.get(\"main > section:nth-child(4) > ul > li:first-child\").find(\"img\").invoke(\"attr\", \"alt\").should(\"not.be.eq\", \"\");\ncy.get(\"main > section:nth-child(4) > ul > li:first-child\").find(\"img\").invoke(\"attr\", \"width\").should(\"eq\", \"270\");\ncy.get(\"main > section:nth-child(4) > ul > li:first-child\").find(\"img\").invoke(\"attr\", \"height\").should(\"eq\", \"260\");",
              "err": {},
              "uuid": "1a92629f-ec21-4e68-b682-27f3c2335ad3",
              "parentUUID": "02c03883-c7fe-44c4-b436-d15b608dc866",
              "isHook": false,
              "skipped": false
            },
            {
              "title": "Також в першому пункті списку є заголовок h3 з контентом Ігор Дем'яненко та параграф p з контентом Product Designer",
              "fullTitle": "Перевірка тега main - четверта секція Також в першому пункті списку є заголовок h3 з контентом Ігор Дем'яненко та параграф p з контентом Product Designer",
              "timedOut": null,
              "duration": 27,
              "state": "passed",
              "speed": "fast",
              "pass": true,
              "fail": false,
              "pending": false,
              "context": null,
              "code": "cy.get(\"main > section:nth-child(4) > ul > li:first-child\").find(\"h3\").should(\"have.text\", \"Ігор Дем'яненко\");\ncy.get(\"main > section:nth-child(4) > ul > li:first-child\").find(\"p\").should(\"have.text\", \"Product Designer\");",
              "err": {},
              "uuid": "87663280-2301-4815-aee9-1a986ddef291",
              "parentUUID": "02c03883-c7fe-44c4-b436-d15b608dc866",
              "isHook": false,
              "skipped": false
            },
            {
              "title": "В другому пункті списку зберігається картинка зроблена тегом img з атрибутами 1) src - атрибут в якому просисана адреса до картинки що починається з ./images та закінчується на .jpg 2) alt - атрибут який обовязково має бути заповнений 3) width - атрибут, що містить значення 270 4) height - атрибут, що містьть значення 260",
              "fullTitle": "Перевірка тега main - четверта секція В другому пункті списку зберігається картинка зроблена тегом img з атрибутами 1) src - атрибут в якому просисана адреса до картинки що починається з ./images та закінчується на .jpg 2) alt - атрибут який обовязково має бути заповнений 3) width - атрибут, що містить значення 270 4) height - атрибут, що містьть значення 260",
              "timedOut": null,
              "duration": 35,
              "state": "passed",
              "speed": "fast",
              "pass": true,
              "fail": false,
              "pending": false,
              "context": null,
              "code": "cy.get(\"main > section:nth-child(4) > ul > li:nth-child(2)\").find(\"img\").invoke(\"attr\", \"src\").should(\"includes\", \"./images\");\ncy.get(\"main > section:nth-child(4) > ul > li:nth-child(2)\").find(\"img\").invoke(\"attr\", \"alt\").should(\"not.be.eq\", \"\");\ncy.get(\"main > section:nth-child(4) > ul > li:nth-child(2)\").find(\"img\").invoke(\"attr\", \"width\").should(\"eq\", \"270\");\ncy.get(\"main > section:nth-child(4) > ul > li:nth-child(2)\").find(\"img\").invoke(\"attr\", \"height\").should(\"eq\", \"260\");",
              "err": {},
              "uuid": "87ba75fb-beb3-4145-93f5-a1d53ad76398",
              "parentUUID": "02c03883-c7fe-44c4-b436-d15b608dc866",
              "isHook": false,
              "skipped": false
            },
            {
              "title": "Також в другому пункті списку є заголовок h3 з контентом Ольга Рєпіна та параграф p з контентом Frontend Developer",
              "fullTitle": "Перевірка тега main - четверта секція Також в другому пункті списку є заголовок h3 з контентом Ольга Рєпіна та параграф p з контентом Frontend Developer",
              "timedOut": null,
              "duration": 25,
              "state": "passed",
              "speed": "fast",
              "pass": true,
              "fail": false,
              "pending": false,
              "context": null,
              "code": "cy.get(\"main > section:nth-child(4) > ul > li:nth-child(2)\").find(\"h3\").should(\"have.text\", \"Ольга Рєпіна\");\ncy.get(\"main > section:nth-child(4) > ul > li:nth-child(2)\").find(\"p\").should(\"have.text\", \"Frontend Developer\");",
              "err": {},
              "uuid": "65e5d5e8-409d-4fc4-bd48-1bbe2a3ff758",
              "parentUUID": "02c03883-c7fe-44c4-b436-d15b608dc866",
              "isHook": false,
              "skipped": false
            },
            {
              "title": "В третьму пункті списку зберігається картинка зроблена тегом img з атрибутами 1) src - атрибут в якому просисана адреса до картинки що починається з ./images та закінчується на .jpg 2) alt - атрибут який обовязково має бути заповнений 3) width - атрибут, що містить значення 270 4) height - атрибут, що містьть значення 260",
              "fullTitle": "Перевірка тега main - четверта секція В третьму пункті списку зберігається картинка зроблена тегом img з атрибутами 1) src - атрибут в якому просисана адреса до картинки що починається з ./images та закінчується на .jpg 2) alt - атрибут який обовязково має бути заповнений 3) width - атрибут, що містить значення 270 4) height - атрибут, що містьть значення 260",
              "timedOut": null,
              "duration": 35,
              "state": "passed",
              "speed": "fast",
              "pass": true,
              "fail": false,
              "pending": false,
              "context": null,
              "code": "cy.get(\"main > section:nth-child(4) > ul > li:nth-child(3)\").find(\"img\").invoke(\"attr\", \"src\").should(\"includes\", \"./images\");\ncy.get(\"main > section:nth-child(4) > ul > li:nth-child(3)\").find(\"img\").invoke(\"attr\", \"alt\").should(\"not.be.eq\", \"\");\ncy.get(\"main > section:nth-child(4) > ul > li:nth-child(3)\").find(\"img\").invoke(\"attr\", \"width\").should(\"eq\", \"270\");\ncy.get(\"main > section:nth-child(4) > ul > li:nth-child(3)\").find(\"img\").invoke(\"attr\", \"height\").should(\"eq\", \"260\");",
              "err": {},
              "uuid": "4ccea343-e915-4dde-9736-0f049895b0a7",
              "parentUUID": "02c03883-c7fe-44c4-b436-d15b608dc866",
              "isHook": false,
              "skipped": false
            },
            {
              "title": "Також в третьму пункті списку є заголовок h3 з контентом Микола Тарасов та параграф p з контентом  Marketing",
              "fullTitle": "Перевірка тега main - четверта секція Також в третьму пункті списку є заголовок h3 з контентом Микола Тарасов та параграф p з контентом  Marketing",
              "timedOut": null,
              "duration": 22,
              "state": "passed",
              "speed": "fast",
              "pass": true,
              "fail": false,
              "pending": false,
              "context": null,
              "code": "cy.get(\"main > section:nth-child(4) > ul > li:nth-child(3)\").find(\"h3\").should(\"have.text\", \"Микола Тарасов\");\ncy.get(\"main > section:nth-child(4) > ul > li:nth-child(3)\").find(\"p\").should(\"have.text\", \"Marketing\");",
              "err": {},
              "uuid": "8e4bf7c7-b19a-4ffc-90cf-44596527e4e7",
              "parentUUID": "02c03883-c7fe-44c4-b436-d15b608dc866",
              "isHook": false,
              "skipped": false
            },
            {
              "title": "В четвертому пункті списку зберігається картинка зроблена тегом img з атрибутами 1) src - атрибут в якому просисана адреса до картинки що починається з ./images та закінчується на .jpg 2) alt - атрибут який обовязково має бути заповнений 3) width - атрибут, що містить значення 270 4) height - атрибут, що містьть значення 260",
              "fullTitle": "Перевірка тега main - четверта секція В четвертому пункті списку зберігається картинка зроблена тегом img з атрибутами 1) src - атрибут в якому просисана адреса до картинки що починається з ./images та закінчується на .jpg 2) alt - атрибут який обовязково має бути заповнений 3) width - атрибут, що містить значення 270 4) height - атрибут, що містьть значення 260",
              "timedOut": null,
              "duration": 34,
              "state": "passed",
              "speed": "fast",
              "pass": true,
              "fail": false,
              "pending": false,
              "context": null,
              "code": "cy.get(\"main > section:nth-child(4) > ul > li:nth-child(4)\").find(\"img\").invoke(\"attr\", \"src\").should(\"includes\", \"./images\");\ncy.get(\"main > section:nth-child(4) > ul > li:nth-child(4)\").find(\"img\").invoke(\"attr\", \"alt\").should(\"not.be.eq\", \"\");\ncy.get(\"main > section:nth-child(4) > ul > li:nth-child(4)\").find(\"img\").invoke(\"attr\", \"width\").should(\"eq\", \"270\");\ncy.get(\"main > section:nth-child(4) > ul > li:nth-child(4)\").find(\"img\").invoke(\"attr\", \"height\").should(\"eq\", \"260\");",
              "err": {},
              "uuid": "bd57ed25-9885-40a8-a8d5-00332af63700",
              "parentUUID": "02c03883-c7fe-44c4-b436-d15b608dc866",
              "isHook": false,
              "skipped": false
            },
            {
              "title": "Також в четвертому пункті списку є заголовок h3 з контентом Михайло Єрмаков та параграф p з контентом UI Designer",
              "fullTitle": "Перевірка тега main - четверта секція Також в четвертому пункті списку є заголовок h3 з контентом Михайло Єрмаков та параграф p з контентом UI Designer",
              "timedOut": null,
              "duration": 28,
              "state": "passed",
              "speed": "fast",
              "pass": true,
              "fail": false,
              "pending": false,
              "context": null,
              "code": "cy.get(\"main > section:nth-child(4) > ul > li:nth-child(4)\").find(\"h3\").should(\"have.text\", \"Михайло Єрмаков\");\ncy.get(\"main > section:nth-child(4) > ul > li:nth-child(4)\").find(\"p\").should(\"have.text\", \"UI Designer\");",
              "err": {},
              "uuid": "001c0b24-c3cd-45ed-971a-39d9f00b6681",
              "parentUUID": "02c03883-c7fe-44c4-b436-d15b608dc866",
              "isHook": false,
              "skipped": false
            }
          ],
          "suites": [],
          "passes": [
            "efe31cbd-ba1b-4b16-8242-b8b02d4cd1d9",
            "0b5bf42c-8004-497b-9a1e-ad10c4f739a3",
            "abb46ad9-7f2e-4887-a359-dc9b7eccdad4",
            "1a92629f-ec21-4e68-b682-27f3c2335ad3",
            "87663280-2301-4815-aee9-1a986ddef291",
            "87ba75fb-beb3-4145-93f5-a1d53ad76398",
            "65e5d5e8-409d-4fc4-bd48-1bbe2a3ff758",
            "4ccea343-e915-4dde-9736-0f049895b0a7",
            "8e4bf7c7-b19a-4ffc-90cf-44596527e4e7",
            "bd57ed25-9885-40a8-a8d5-00332af63700",
            "001c0b24-c3cd-45ed-971a-39d9f00b6681"
          ],
          "failures": [],
          "pending": [],
          "skipped": [],
          "duration": 301,
          "root": false,
          "rootEmpty": false,
          "_timeout": 2000
        },
        {
          "uuid": "30849e8b-bf65-492e-b690-bbf5e0a234e2",
          "title": "Перевірка футера",
          "fullFile": "",
          "file": "",
          "beforeHooks": [],
          "afterHooks": [],
          "tests": [
            {
              "title": "Першим елементом футера є логотип, зроблений посилання а з атрибутом href=”./index.html” та контентом WebStudio",
              "fullTitle": "Перевірка футера Першим елементом футера є логотип, зроблений посилання а з атрибутом href=”./index.html” та контентом WebStudio",
              "timedOut": null,
              "duration": 25,
              "state": "passed",
              "speed": "fast",
              "pass": true,
              "fail": false,
              "pending": false,
              "context": null,
              "code": "cy.get(\"footer > a\").invoke(\"attr\", \"href\").should(\"eq\", \"./index.html\");\ncy.get(\"footer > a\").should(\"have.text\", \"WebStudio\");",
              "err": {},
              "uuid": "526fbc50-c89a-4940-873a-62bfe3fbfa46",
              "parentUUID": "30849e8b-bf65-492e-b690-bbf5e0a234e2",
              "isHook": false,
              "skipped": false
            },
            {
              "title": "Другим елементом футера є тег address",
              "fullTitle": "Перевірка футера Другим елементом футера є тег address",
              "timedOut": null,
              "duration": 18,
              "state": "passed",
              "speed": "fast",
              "pass": true,
              "fail": false,
              "pending": false,
              "context": null,
              "code": "cy.get(\"body > footer > address\").should(\"be.visible\");",
              "err": {},
              "uuid": "0ed9a102-484e-4dcc-9ebe-abb6ee94e4ee",
              "parentUUID": "30849e8b-bf65-492e-b690-bbf5e0a234e2",
              "isHook": false,
              "skipped": false
            },
            {
              "title": "Всередині тега addressss є список ul з трьома елементами li",
              "fullTitle": "Перевірка футера Всередині тега addressss є список ul з трьома елементами li",
              "timedOut": null,
              "duration": 19,
              "state": "passed",
              "speed": "fast",
              "pass": true,
              "fail": false,
              "pending": false,
              "context": null,
              "code": "cy.get(\"body > footer > address > ul\").children().should(\"have.length\", 3);",
              "err": {},
              "uuid": "8ed1ee5d-4c62-494e-bc6b-e01226c27499",
              "parentUUID": "30849e8b-bf65-492e-b690-bbf5e0a234e2",
              "isHook": false,
              "skipped": false
            },
            {
              "title": "В першому елементі списку знаходиться посилання з 1) атрибутом href=”” в якому міститься посилання на гугл карту 2) атрибутом target=”_blank” для відкриття посилання в новій вкладці 3) атрибутом rel=”noopener noreferrer nofollow” для захисту сайту 4) контентом м. Київ, пр-т Лесі Українки, 26",
              "fullTitle": "Перевірка футера В першому елементі списку знаходиться посилання з 1) атрибутом href=”” в якому міститься посилання на гугл карту 2) атрибутом target=”_blank” для відкриття посилання в новій вкладці 3) атрибутом rel=”noopener noreferrer nofollow” для захисту сайту 4) контентом м. Київ, пр-т Лесі Українки, 26",
              "timedOut": null,
              "duration": 36,
              "state": "passed",
              "speed": "fast",
              "pass": true,
              "fail": false,
              "pending": false,
              "context": null,
              "code": "cy.get(\"footer > address > ul > li:first-child\").find(\"a\").invoke(\"attr\", \"href\").should(\"not.be.eq\", \"\");\ncy.get(\"footer > address > ul > li:first-child\").find(\"a\").invoke(\"attr\", \"target\").should(\"eq\", \"_blank\");\ncy.get(\"footer > address > ul > li:first-child\").find(\"a\").invoke(\"attr\", \"rel\").should(\"eq\", \"noopener noreferrer nofollow\");\ncy.get(\"footer > address > ul > li:first-child\").find(\"a\").should(\"have.text\", \"м. Київ, пр-т Лесі Українки, 26\");",
              "err": {},
              "uuid": "1e799ef4-f7c7-4ebd-839f-d229d83038db",
              "parentUUID": "30849e8b-bf65-492e-b690-bbf5e0a234e2",
              "isHook": false,
              "skipped": false
            },
            {
              "title": "В другому елементі списку знаходиться посилання з 1) атрибутом href=”mailto:info@devstudio.com” 2) контентом mailto:info@devstudio.com",
              "fullTitle": "Перевірка футера В другому елементі списку знаходиться посилання з 1) атрибутом href=”mailto:info@devstudio.com” 2) контентом mailto:info@devstudio.com",
              "timedOut": null,
              "duration": 27,
              "state": "passed",
              "speed": "fast",
              "pass": true,
              "fail": false,
              "pending": false,
              "context": null,
              "code": "cy.get(\"footer > address > ul > li:nth-child(2)\").find(\"a\").invoke(\"attr\", \"href\").should(\"eq\", \"mailto:info@devstudio.com\");\ncy.get(\"footer > address > ul > li:nth-child(2)\").find(\"a\").should(\"have.text\", \"info@devstudio.com\");",
              "err": {},
              "uuid": "7b88ee2a-c46b-4582-b1af-4de365b647f3",
              "parentUUID": "30849e8b-bf65-492e-b690-bbf5e0a234e2",
              "isHook": false,
              "skipped": false
            },
            {
              "title": "В третьому елементі списку знаходиться посилання з 1) атрибутом href=”tel:+380961111111”без пробілів 2) контентом +38 096 111 11 11 з пробілами для кращого читання",
              "fullTitle": "Перевірка футера В третьому елементі списку знаходиться посилання з 1) атрибутом href=”tel:+380961111111”без пробілів 2) контентом +38 096 111 11 11 з пробілами для кращого читання",
              "timedOut": null,
              "duration": 25,
              "state": "passed",
              "speed": "fast",
              "pass": true,
              "fail": false,
              "pending": false,
              "context": null,
              "code": "cy.get(\"footer > address > ul > li:nth-child(3)\").find(\"a\").invoke(\"attr\", \"href\").should(\"eq\", \"tel:+380961111111\");\ncy.get(\"footer > address > ul > li:nth-child(3)\").find(\"a\").should(\"have.text\", \"+38 096 111 11 11\");",
              "err": {},
              "uuid": "81f4ee7c-3ca5-46b1-984e-41f04dc574b8",
              "parentUUID": "30849e8b-bf65-492e-b690-bbf5e0a234e2",
              "isHook": false,
              "skipped": false
            }
          ],
          "suites": [],
          "passes": [
            "526fbc50-c89a-4940-873a-62bfe3fbfa46",
            "0ed9a102-484e-4dcc-9ebe-abb6ee94e4ee",
            "8ed1ee5d-4c62-494e-bc6b-e01226c27499",
            "1e799ef4-f7c7-4ebd-839f-d229d83038db",
            "7b88ee2a-c46b-4582-b1af-4de365b647f3",
            "81f4ee7c-3ca5-46b1-984e-41f04dc574b8"
          ],
          "failures": [],
          "pending": [],
          "skipped": [],
          "duration": 150,
          "root": false,
          "rootEmpty": false,
          "_timeout": 2000
        }
      ],
      "passes": [],
      "failures": [],
      "pending": [],
      "skipped": [],
      "duration": 0,
      "root": true,
      "rootEmpty": true,
      "_timeout": 2000
    }
  ],
  "meta": {
    "mocha": {
      "version": "7.0.1"
    },
    "mochawesome": {
      "options": {
        "quiet": false,
        "reportFilename": "[hash]",
        "saveHtml": true,
        "saveJson": true,
        "consoleReporter": "spec",
        "useInlineDiffs": false,
        "code": true
      },
      "version": "7.1.3"
    },
    "marge": {
      "options": {
        "reportDir": "cypress/results",
        "reportFilename": "[hash]",
        "overwrite": true,
        "html": true,
        "json": true
      },
      "version": "6.2.0"
    }
  }
}