{
  "stats": {
    "suites": 7,
    "tests": 44,
    "passes": 35,
    "pending": 0,
    "failures": 9,
    "start": "2022-10-04T18:28:53.047Z",
    "end": "2022-10-04T18:29:32.917Z",
    "duration": 39870,
    "testsRegistered": 44,
    "passPercent": 79.54545454545455,
    "pendingPercent": 0,
    "other": 0,
    "hasOther": false,
    "skipped": 0,
    "hasSkipped": false
  },
  "results": [
    {
      "uuid": "6700bdd8-8c47-464e-bfe2-4026a80e760a",
      "title": "",
      "fullFile": "cypress/e2e/HW/Hw1Test.cy.js",
      "file": "cypress/e2e/HW/Hw1Test.cy.js",
      "beforeHooks": [],
      "afterHooks": [],
      "tests": [],
      "suites": [
        {
          "uuid": "123c89cc-f551-4b24-a374-b71b74f78dcb",
          "title": "Сайт має відкриватися в Google chrome",
          "fullFile": "",
          "file": "",
          "beforeHooks": [],
          "afterHooks": [],
          "tests": [
            {
              "title": "Відкриття сторінки",
              "fullTitle": "Сайт має відкриватися в Google chrome Відкриття сторінки",
              "timedOut": null,
              "duration": 657,
              "state": "passed",
              "speed": "fast",
              "pass": true,
              "fail": false,
              "pending": false,
              "context": null,
              "code": "cy.visit(\"/\");",
              "err": {},
              "uuid": "62d88b0e-a520-47df-ac96-fabeb3ac2f8c",
              "parentUUID": "123c89cc-f551-4b24-a374-b71b74f78dcb",
              "isHook": false,
              "skipped": false
            }
          ],
          "suites": [],
          "passes": [
            "62d88b0e-a520-47df-ac96-fabeb3ac2f8c"
          ],
          "failures": [],
          "pending": [],
          "skipped": [],
          "duration": 657,
          "root": false,
          "rootEmpty": false,
          "_timeout": 2000
        },
        {
          "uuid": "a754d591-b184-49bd-84c8-146737d09dfe",
          "title": "Загальні вимоги до сайту",
          "fullFile": "",
          "file": "",
          "beforeHooks": [],
          "afterHooks": [],
          "tests": [
            {
              "title": "Тег html має мати атрибут lang зі значенням uk",
              "fullTitle": "Загальні вимоги до сайту Тег html має мати атрибут lang зі значенням uk",
              "timedOut": null,
              "duration": 32,
              "state": "passed",
              "speed": "fast",
              "pass": true,
              "fail": false,
              "pending": false,
              "context": null,
              "code": "cy.get(\"html\").invoke(\"attr\", \"lang\").should(\"eq\", \"uk\");",
              "err": {},
              "uuid": "29352ee1-fea1-45d9-83ea-7a693eb67d46",
              "parentUUID": "a754d591-b184-49bd-84c8-146737d09dfe",
              "isHook": false,
              "skipped": false
            },
            {
              "title": "На сайті має бути присутній header",
              "fullTitle": "Загальні вимоги до сайту На сайті має бути присутній header",
              "timedOut": null,
              "duration": 26,
              "state": "passed",
              "speed": "fast",
              "pass": true,
              "fail": false,
              "pending": false,
              "context": null,
              "code": "cy.get(\"header\").should(\"be.visible\");",
              "err": {},
              "uuid": "a6ae516e-0383-4b42-9770-5810a0f4dc19",
              "parentUUID": "a754d591-b184-49bd-84c8-146737d09dfe",
              "isHook": false,
              "skipped": false
            },
            {
              "title": "На сайті має бути присутній main",
              "fullTitle": "Загальні вимоги до сайту На сайті має бути присутній main",
              "timedOut": null,
              "duration": 45,
              "state": "passed",
              "speed": "fast",
              "pass": true,
              "fail": false,
              "pending": false,
              "context": null,
              "code": "cy.get(\"main\").should(\"be.visible\");",
              "err": {},
              "uuid": "0fa1cbf3-b75e-49d0-bf81-3dd50294ae7f",
              "parentUUID": "a754d591-b184-49bd-84c8-146737d09dfe",
              "isHook": false,
              "skipped": false
            },
            {
              "title": "На сайті має бути присутній footer",
              "fullTitle": "Загальні вимоги до сайту На сайті має бути присутній footer",
              "timedOut": null,
              "duration": 35,
              "state": "passed",
              "speed": "fast",
              "pass": true,
              "fail": false,
              "pending": false,
              "context": null,
              "code": "cy.get(\"footer\").should(\"be.visible\");",
              "err": {},
              "uuid": "a41b4f42-3398-49e0-bb0c-af60a60b88a3",
              "parentUUID": "a754d591-b184-49bd-84c8-146737d09dfe",
              "isHook": false,
              "skipped": false
            }
          ],
          "suites": [],
          "passes": [
            "29352ee1-fea1-45d9-83ea-7a693eb67d46",
            "a6ae516e-0383-4b42-9770-5810a0f4dc19",
            "0fa1cbf3-b75e-49d0-bf81-3dd50294ae7f",
            "a41b4f42-3398-49e0-bb0c-af60a60b88a3"
          ],
          "failures": [],
          "pending": [],
          "skipped": [],
          "duration": 138,
          "root": false,
          "rootEmpty": false,
          "_timeout": 2000
        },
        {
          "uuid": "4fc41151-bb50-4103-aa82-e956359b1c39",
          "title": "Перевірка хедера",
          "fullFile": "",
          "file": "",
          "beforeHooks": [],
          "afterHooks": [],
          "tests": [
            {
              "title": "В хедері має бути присутній тег nav",
              "fullTitle": "Перевірка хедера В хедері має бути присутній тег nav",
              "timedOut": null,
              "duration": 26,
              "state": "passed",
              "speed": "fast",
              "pass": true,
              "fail": false,
              "pending": false,
              "context": null,
              "code": "cy.get(\"header > nav\").should(\"be.visible\");",
              "err": {},
              "uuid": "86e5dcfc-65fd-4e4e-9a29-a80820996928",
              "parentUUID": "4fc41151-bb50-4103-aa82-e956359b1c39",
              "isHook": false,
              "skipped": false
            },
            {
              "title": "В nav має бути присутній логотип у вигляті тега а",
              "fullTitle": "Перевірка хедера В nav має бути присутній логотип у вигляті тега а",
              "timedOut": null,
              "duration": 45,
              "state": "passed",
              "speed": "fast",
              "pass": true,
              "fail": false,
              "pending": false,
              "context": null,
              "code": "cy.get(\"header > nav > a\").should(\"be.visible\");",
              "err": {},
              "uuid": "877e8061-c08d-4538-ac10-96fb7407b1f0",
              "parentUUID": "4fc41151-bb50-4103-aa82-e956359b1c39",
              "isHook": false,
              "skipped": false
            },
            {
              "title": "Логотип має бути посиланням і вести на стартову сторінку",
              "fullTitle": "Перевірка хедера Логотип має бути посиланням і вести на стартову сторінку",
              "timedOut": null,
              "duration": 4164,
              "state": "failed",
              "speed": null,
              "pass": false,
              "fail": true,
              "pending": false,
              "context": null,
              "code": "cy.get(\"header > nav > a\").invoke(\"attr\", \"href\").should(\"eq\", \"./index.html\");",
              "err": {
                "message": "AssertionError: Timed out retrying after 4000ms: expected '/' to equal './index.html'",
                "estack": "AssertionError: Timed out retrying after 4000ms: expected '/' to equal './index.html'\n    at Context.eval (https://nataliiavalko.github.io/__cypress/tests?p=cypress/e2e/HW/Hw1Test.cy.js:126:55)",
                "diff": "- '/'\n+ './index.html'\n"
              },
              "uuid": "109104ce-76ca-4d59-863e-3c14eb8ee595",
              "parentUUID": "4fc41151-bb50-4103-aa82-e956359b1c39",
              "isHook": false,
              "skipped": false
            },
            {
              "title": "Логотип має містити текст WebStudio",
              "fullTitle": "Перевірка хедера Логотип має містити текст WebStudio",
              "timedOut": null,
              "duration": 25,
              "state": "passed",
              "speed": "fast",
              "pass": true,
              "fail": false,
              "pending": false,
              "context": null,
              "code": "cy.get(\"header > nav > a\").should(\"have.text\", \"WebStudio\");",
              "err": {},
              "uuid": "041628c8-c582-449d-a42a-da419e98dd2e",
              "parentUUID": "4fc41151-bb50-4103-aa82-e956359b1c39",
              "isHook": false,
              "skipped": false
            },
            {
              "title": "Всередині nav є меню, що зроблене через ul",
              "fullTitle": "Перевірка хедера Всередині nav є меню, що зроблене через ul",
              "timedOut": null,
              "duration": 24,
              "state": "passed",
              "speed": "fast",
              "pass": true,
              "fail": false,
              "pending": false,
              "context": null,
              "code": "cy.get(\"nav > ul\").should(\"be.visible\");",
              "err": {},
              "uuid": "ebf40602-b954-428c-9fc6-5b70ddd747d9",
              "parentUUID": "4fc41151-bb50-4103-aa82-e956359b1c39",
              "isHook": false,
              "skipped": false
            },
            {
              "title": "Меню складається з 3-х пунктів",
              "fullTitle": "Перевірка хедера Меню складається з 3-х пунктів",
              "timedOut": null,
              "duration": 32,
              "state": "passed",
              "speed": "fast",
              "pass": true,
              "fail": false,
              "pending": false,
              "context": null,
              "code": "cy.get(\"nav > ul\").children().should(\"have.length\", 3);",
              "err": {},
              "uuid": "29df3180-7dd7-4a9d-b89b-6fc704d9d54e",
              "parentUUID": "4fc41151-bb50-4103-aa82-e956359b1c39",
              "isHook": false,
              "skipped": false
            },
            {
              "title": "Перший пункт меню - це посилання що веде на адресу ./index.html",
              "fullTitle": "Перевірка хедера Перший пункт меню - це посилання що веде на адресу ./index.html",
              "timedOut": null,
              "duration": 4128,
              "state": "failed",
              "speed": null,
              "pass": false,
              "fail": true,
              "pending": false,
              "context": null,
              "code": "cy.get(\"nav > ul > li:first-child > a\").invoke(\"attr\", \"href\").should(\"eq\", \"./index.html\");",
              "err": {
                "message": "AssertionError: Timed out retrying after 4000ms: expected '' to equal './index.html'",
                "estack": "AssertionError: Timed out retrying after 4000ms: expected '' to equal './index.html'\n    at Context.eval (https://nataliiavalko.github.io/__cypress/tests?p=cypress/e2e/HW/Hw1Test.cy.js:138:68)",
                "diff": "+ './index.html'\n"
              },
              "uuid": "fb945914-0da9-4210-a088-80d59fca90fe",
              "parentUUID": "4fc41151-bb50-4103-aa82-e956359b1c39",
              "isHook": false,
              "skipped": false
            },
            {
              "title": "Перший пункт меню має контент - Студія",
              "fullTitle": "Перевірка хедера Перший пункт меню має контент - Студія",
              "timedOut": null,
              "duration": 22,
              "state": "passed",
              "speed": "fast",
              "pass": true,
              "fail": false,
              "pending": false,
              "context": null,
              "code": "cy.get(\"nav > ul > li:first-child > a\").should(\"have.text\", \"Студія\");",
              "err": {},
              "uuid": "aa790dc1-f8d2-40e0-a86c-20fbc5583c64",
              "parentUUID": "4fc41151-bb50-4103-aa82-e956359b1c39",
              "isHook": false,
              "skipped": false
            },
            {
              "title": "Другий пункт меню - це посилання що веде на адресу #",
              "fullTitle": "Перевірка хедера Другий пункт меню - це посилання що веде на адресу #",
              "timedOut": null,
              "duration": 4120,
              "state": "failed",
              "speed": null,
              "pass": false,
              "fail": true,
              "pending": false,
              "context": null,
              "code": "cy.get(\"nav > ul > li:nth-child(2) > a\").invoke(\"attr\", \"href\").should(\"eq\", \"#\");",
              "err": {
                "message": "AssertionError: Timed out retrying after 4000ms: expected '' to equal '#'",
                "estack": "AssertionError: Timed out retrying after 4000ms: expected '' to equal '#'\n    at Context.eval (https://nataliiavalko.github.io/__cypress/tests?p=cypress/e2e/HW/Hw1Test.cy.js:144:69)",
                "diff": "+ '#'\n"
              },
              "uuid": "36016afd-18ce-4235-8537-acd64d51fc3d",
              "parentUUID": "4fc41151-bb50-4103-aa82-e956359b1c39",
              "isHook": false,
              "skipped": false
            },
            {
              "title": "Другий пункт меню має контент - Портфоліо",
              "fullTitle": "Перевірка хедера Другий пункт меню має контент - Портфоліо",
              "timedOut": null,
              "duration": 53,
              "state": "passed",
              "speed": "fast",
              "pass": true,
              "fail": false,
              "pending": false,
              "context": null,
              "code": "cy.get(\"nav > ul > li:nth-child(2) > a\").should(\"have.text\", \"Портфоліо\");",
              "err": {},
              "uuid": "ac215052-823e-40db-bc47-5688b49108c3",
              "parentUUID": "4fc41151-bb50-4103-aa82-e956359b1c39",
              "isHook": false,
              "skipped": false
            },
            {
              "title": "Третій пункт меню - це посилання що веде на адресу #",
              "fullTitle": "Перевірка хедера Третій пункт меню - це посилання що веде на адресу #",
              "timedOut": null,
              "duration": 4151,
              "state": "failed",
              "speed": null,
              "pass": false,
              "fail": true,
              "pending": false,
              "context": null,
              "code": "cy.get(\"nav > ul > li:nth-child(3) > a\").invoke(\"attr\", \"href\").should(\"eq\", \"#\");",
              "err": {
                "message": "AssertionError: Timed out retrying after 4000ms: expected '' to equal '#'",
                "estack": "AssertionError: Timed out retrying after 4000ms: expected '' to equal '#'\n    at Context.eval (https://nataliiavalko.github.io/__cypress/tests?p=cypress/e2e/HW/Hw1Test.cy.js:150:69)",
                "diff": "+ '#'\n"
              },
              "uuid": "25ff0511-2a4c-4fb2-9228-9289b91cfa52",
              "parentUUID": "4fc41151-bb50-4103-aa82-e956359b1c39",
              "isHook": false,
              "skipped": false
            },
            {
              "title": "Третій пункт меню має контент - Портфоліо",
              "fullTitle": "Перевірка хедера Третій пункт меню має контент - Портфоліо",
              "timedOut": null,
              "duration": 23,
              "state": "passed",
              "speed": "fast",
              "pass": true,
              "fail": false,
              "pending": false,
              "context": null,
              "code": "cy.get(\"nav > ul > li:nth-child(3) > a\").should(\"have.text\", \"Контакти\");",
              "err": {},
              "uuid": "8a47c12a-f95c-4401-b530-1edb6bd48f98",
              "parentUUID": "4fc41151-bb50-4103-aa82-e956359b1c39",
              "isHook": false,
              "skipped": false
            },
            {
              "title": "У хедері є список з контактами що йде після тега nav",
              "fullTitle": "Перевірка хедера У хедері є список з контактами що йде після тега nav",
              "timedOut": null,
              "duration": 53,
              "state": "passed",
              "speed": "fast",
              "pass": true,
              "fail": false,
              "pending": false,
              "context": null,
              "code": "cy.get(\"nav + ul\").should(\"be.visible\");",
              "err": {},
              "uuid": "6cd5a41b-b312-4e51-a7f3-fec5d5c84d58",
              "parentUUID": "4fc41151-bb50-4103-aa82-e956359b1c39",
              "isHook": false,
              "skipped": false
            },
            {
              "title": "Список контактів складається з двох пунктів",
              "fullTitle": "Перевірка хедера Список контактів складається з двох пунктів",
              "timedOut": null,
              "duration": 31,
              "state": "passed",
              "speed": "fast",
              "pass": true,
              "fail": false,
              "pending": false,
              "context": null,
              "code": "cy.get(\"nav + ul\").children().should(\"have.length\", 2);",
              "err": {},
              "uuid": "4e04c5aa-74d5-47f1-b150-9180418bb4ef",
              "parentUUID": "4fc41151-bb50-4103-aa82-e956359b1c39",
              "isHook": false,
              "skipped": false
            },
            {
              "title": "Перший пункт в контактах це посилання з атрибутом href, що містить інтструкцію mailto",
              "fullTitle": "Перевірка хедера Перший пункт в контактах це посилання з атрибутом href, що містить інтструкцію mailto",
              "timedOut": null,
              "duration": 22,
              "state": "passed",
              "speed": "fast",
              "pass": true,
              "fail": false,
              "pending": false,
              "context": null,
              "code": "cy.get(\"nav + ul > li:first-child > a\").invoke(\"attr\", \"href\").should(\"eq\", \"mailto:info@devstudio.com\");",
              "err": {},
              "uuid": "9e2679b2-9a64-470c-a045-c7b7ea341360",
              "parentUUID": "4fc41151-bb50-4103-aa82-e956359b1c39",
              "isHook": false,
              "skipped": false
            },
            {
              "title": "Перший пункт в контактах це посилання з контентом - info@devstudio.com",
              "fullTitle": "Перевірка хедера Перший пункт в контактах це посилання з контентом - info@devstudio.com",
              "timedOut": null,
              "duration": 25,
              "state": "passed",
              "speed": "fast",
              "pass": true,
              "fail": false,
              "pending": false,
              "context": null,
              "code": "cy.get(\"nav + ul > li:first-child > a\").should(\"have.text\", \"info@devstudio.com\");",
              "err": {},
              "uuid": "1ec91e5d-60de-4f1a-9053-1c4fca46a669",
              "parentUUID": "4fc41151-bb50-4103-aa82-e956359b1c39",
              "isHook": false,
              "skipped": false
            },
            {
              "title": "Другий пункт в контактах це посилання з атрибутом href, що містить інтструкцію tel",
              "fullTitle": "Перевірка хедера Другий пункт в контактах це посилання з атрибутом href, що містить інтструкцію tel",
              "timedOut": null,
              "duration": 96,
              "state": "passed",
              "speed": "fast",
              "pass": true,
              "fail": false,
              "pending": false,
              "context": null,
              "code": "cy.get(\"nav + ul > li:nth-child(2) > a\").invoke(\"attr\", \"href\").should(\"eq\", \"tel:+380961111111\");",
              "err": {},
              "uuid": "d307b3d1-f143-4f1b-b852-ede48c99c071",
              "parentUUID": "4fc41151-bb50-4103-aa82-e956359b1c39",
              "isHook": false,
              "skipped": false
            },
            {
              "title": "Другий пункт в контактах це посилання з контентом - +38 096 111 11 11",
              "fullTitle": "Перевірка хедера Другий пункт в контактах це посилання з контентом - +38 096 111 11 11",
              "timedOut": null,
              "duration": 39,
              "state": "passed",
              "speed": "fast",
              "pass": true,
              "fail": false,
              "pending": false,
              "context": null,
              "code": "cy.get(\"nav + ul > li:nth-child(2) > a\").should(\"have.text\", \"+38 096 111 11 11\");",
              "err": {},
              "uuid": "3deb1862-f710-4233-ac66-4917b95b3b3a",
              "parentUUID": "4fc41151-bb50-4103-aa82-e956359b1c39",
              "isHook": false,
              "skipped": false
            }
          ],
          "suites": [],
          "passes": [
            "86e5dcfc-65fd-4e4e-9a29-a80820996928",
            "877e8061-c08d-4538-ac10-96fb7407b1f0",
            "041628c8-c582-449d-a42a-da419e98dd2e",
            "ebf40602-b954-428c-9fc6-5b70ddd747d9",
            "29df3180-7dd7-4a9d-b89b-6fc704d9d54e",
            "aa790dc1-f8d2-40e0-a86c-20fbc5583c64",
            "ac215052-823e-40db-bc47-5688b49108c3",
            "8a47c12a-f95c-4401-b530-1edb6bd48f98",
            "6cd5a41b-b312-4e51-a7f3-fec5d5c84d58",
            "4e04c5aa-74d5-47f1-b150-9180418bb4ef",
            "9e2679b2-9a64-470c-a045-c7b7ea341360",
            "1ec91e5d-60de-4f1a-9053-1c4fca46a669",
            "d307b3d1-f143-4f1b-b852-ede48c99c071",
            "3deb1862-f710-4233-ac66-4917b95b3b3a"
          ],
          "failures": [
            "109104ce-76ca-4d59-863e-3c14eb8ee595",
            "fb945914-0da9-4210-a088-80d59fca90fe",
            "36016afd-18ce-4235-8537-acd64d51fc3d",
            "25ff0511-2a4c-4fb2-9228-9289b91cfa52"
          ],
          "pending": [],
          "skipped": [],
          "duration": 17079,
          "root": false,
          "rootEmpty": false,
          "_timeout": 2000
        },
        {
          "uuid": "b86015b9-1a82-49ee-b239-3e66f502d42f",
          "title": "Перевірка тега main",
          "fullFile": "",
          "file": "",
          "beforeHooks": [],
          "afterHooks": [],
          "tests": [
            {
              "title": "Всередині тега main має бути 4 секції",
              "fullTitle": "Перевірка тега main Всередині тега main має бути 4 секції",
              "timedOut": null,
              "duration": 55,
              "state": "passed",
              "speed": "fast",
              "pass": true,
              "fail": false,
              "pending": false,
              "context": null,
              "code": "cy.get(\"main\").children(\"section\").should(\"have.length\", 4);",
              "err": {},
              "uuid": "86028c60-4649-47cf-9c14-29c1af6decad",
              "parentUUID": "b86015b9-1a82-49ee-b239-3e66f502d42f",
              "isHook": false,
              "skipped": false
            }
          ],
          "suites": [],
          "passes": [
            "86028c60-4649-47cf-9c14-29c1af6decad"
          ],
          "failures": [],
          "pending": [],
          "skipped": [],
          "duration": 55,
          "root": false,
          "rootEmpty": false,
          "_timeout": 2000
        },
        {
          "uuid": "ab460f84-58d7-43ff-bd7a-aa79926e4560",
          "title": "Перевірка тега main - перша секція",
          "fullFile": "",
          "file": "",
          "beforeHooks": [],
          "afterHooks": [],
          "tests": [
            {
              "title": "Перша секція знаходиться всередині тега main",
              "fullTitle": "Перевірка тега main - перша секція Перша секція знаходиться всередині тега main",
              "timedOut": null,
              "duration": 83,
              "state": "passed",
              "speed": "fast",
              "pass": true,
              "fail": false,
              "pending": false,
              "context": null,
              "code": "cy.get(\"main > section:first-child\").should(\"be.visible\");",
              "err": {},
              "uuid": "66a2e419-6ef0-4072-aa7c-3c1beb06c418",
              "parentUUID": "ab460f84-58d7-43ff-bd7a-aa79926e4560",
              "isHook": false,
              "skipped": false
            },
            {
              "title": "Перша секція має заголовок h1",
              "fullTitle": "Перевірка тега main - перша секція Перша секція має заголовок h1",
              "timedOut": null,
              "duration": 41,
              "state": "passed",
              "speed": "fast",
              "pass": true,
              "fail": false,
              "pending": false,
              "context": null,
              "code": "cy.get(\"main > section:first-child > h1\").should(\"be.visible\");",
              "err": {},
              "uuid": "2bb084fa-d0b7-4bb1-a854-86931b4449fe",
              "parentUUID": "ab460f84-58d7-43ff-bd7a-aa79926e4560",
              "isHook": false,
              "skipped": false
            },
            {
              "title": "Перша секція має заголовок h1 з контентом - Ефективні рішення для вашого бізнесу",
              "fullTitle": "Перевірка тега main - перша секція Перша секція має заголовок h1 з контентом - Ефективні рішення для вашого бізнесу",
              "timedOut": null,
              "duration": 70,
              "state": "passed",
              "speed": "fast",
              "pass": true,
              "fail": false,
              "pending": false,
              "context": null,
              "code": "cy.get(\"main > section:first-child > h1\").should(\"have.text\", \"Ефективні рішення для вашого бізнесу\");",
              "err": {},
              "uuid": "6b635b74-d747-4fb3-8f0c-c794ef35d777",
              "parentUUID": "ab460f84-58d7-43ff-bd7a-aa79926e4560",
              "isHook": false,
              "skipped": false
            },
            {
              "title": "Перша секція має кнопку з атрибутом type='button'",
              "fullTitle": "Перевірка тега main - перша секція Перша секція має кнопку з атрибутом type='button'",
              "timedOut": null,
              "duration": 28,
              "state": "passed",
              "speed": "fast",
              "pass": true,
              "fail": false,
              "pending": false,
              "context": null,
              "code": "cy.get(\"main > section:first-child > button\").invoke(\"attr\", \"type\").should(\"eq\", \"button\");",
              "err": {},
              "uuid": "6b495036-c00e-4de6-820d-eae60bd1226d",
              "parentUUID": "ab460f84-58d7-43ff-bd7a-aa79926e4560",
              "isHook": false,
              "skipped": false
            },
            {
              "title": "Перша секція має кнопку з контентом - Замовити послугу",
              "fullTitle": "Перевірка тега main - перша секція Перша секція має кнопку з контентом - Замовити послугу",
              "timedOut": null,
              "duration": 48,
              "state": "passed",
              "speed": "fast",
              "pass": true,
              "fail": false,
              "pending": false,
              "context": null,
              "code": "cy.get(\"main > section:first-child > button\").should(\"have.text\", \"Замовити послугу\");",
              "err": {},
              "uuid": "902697ec-3e8c-41b4-b536-76ddb5400316",
              "parentUUID": "ab460f84-58d7-43ff-bd7a-aa79926e4560",
              "isHook": false,
              "skipped": false
            }
          ],
          "suites": [],
          "passes": [
            "66a2e419-6ef0-4072-aa7c-3c1beb06c418",
            "2bb084fa-d0b7-4bb1-a854-86931b4449fe",
            "6b635b74-d747-4fb3-8f0c-c794ef35d777",
            "6b495036-c00e-4de6-820d-eae60bd1226d",
            "902697ec-3e8c-41b4-b536-76ddb5400316"
          ],
          "failures": [],
          "pending": [],
          "skipped": [],
          "duration": 270,
          "root": false,
          "rootEmpty": false,
          "_timeout": 2000
        },
        {
          "uuid": "2d3e2b59-69af-491e-a1e9-ef5bdf62ec54",
          "title": "Перевірка тега main - друга секція",
          "fullFile": "",
          "file": "",
          "beforeHooks": [],
          "afterHooks": [],
          "tests": [
            {
              "title": "Друга секція знаходиться всередині тега main",
              "fullTitle": "Перевірка тега main - друга секція Друга секція знаходиться всередині тега main",
              "timedOut": null,
              "duration": 27,
              "state": "passed",
              "speed": "fast",
              "pass": true,
              "fail": false,
              "pending": false,
              "context": null,
              "code": "cy.get(\"main > section:nth-child(2)\").should(\"be.visible\");",
              "err": {},
              "uuid": "36690450-2789-4d26-8696-432eb81e02a1",
              "parentUUID": "2d3e2b59-69af-491e-a1e9-ef5bdf62ec54",
              "isHook": false,
              "skipped": false
            },
            {
              "title": "В другій секції знаходиться заголовок h2 з атрибутом hidden",
              "fullTitle": "Перевірка тега main - друга секція В другій секції знаходиться заголовок h2 з атрибутом hidden",
              "timedOut": null,
              "duration": 23,
              "state": "passed",
              "speed": "fast",
              "pass": true,
              "fail": false,
              "pending": false,
              "context": null,
              "code": "cy.get(\"main > section:nth-child(2) > h2\").invoke(\"attr\", \"hidden\");",
              "err": {},
              "uuid": "06f94a89-0a21-44d1-84b5-23832437bad5",
              "parentUUID": "2d3e2b59-69af-491e-a1e9-ef5bdf62ec54",
              "isHook": false,
              "skipped": false
            },
            {
              "title": "В другій секції знаходиться заголовок h2 з контентом - Наші переваги",
              "fullTitle": "Перевірка тега main - друга секція В другій секції знаходиться заголовок h2 з контентом - Наші переваги",
              "timedOut": null,
              "duration": 4162,
              "state": "failed",
              "speed": null,
              "pass": false,
              "fail": true,
              "pending": false,
              "context": null,
              "code": "cy.get(\"main > section:nth-child(2) > h2\").should(\"have.text\", \"Наші переваги\");",
              "err": {
                "message": "AssertionError: Timed out retrying after 4000ms: expected '<h2>' to have text 'Наші переваги', but the text was 'Наші особливості'",
                "estack": "AssertionError: Timed out retrying after 4000ms: expected '<h2>' to have text 'Наші переваги', but the text was 'Наші особливості'\n    at Context.eval (https://nataliiavalko.github.io/__cypress/tests?p=cypress/e2e/HW/Hw1Test.cy.js:204:48)",
                "diff": "- 'Наші особливості'\n+ 'Наші переваги'\n"
              },
              "uuid": "c122a7d4-9bb2-45ee-a312-0194a647aeb8",
              "parentUUID": "2d3e2b59-69af-491e-a1e9-ef5bdf62ec54",
              "isHook": false,
              "skipped": false
            },
            {
              "title": "В другій секції після заголовка йде список з 4-х пунктів",
              "fullTitle": "Перевірка тега main - друга секція В другій секції після заголовка йде список з 4-х пунктів",
              "timedOut": null,
              "duration": 27,
              "state": "passed",
              "speed": "fast",
              "pass": true,
              "fail": false,
              "pending": false,
              "context": null,
              "code": "cy.get(\"main > section:nth-child(2) > ul\").children(\"li\").should(\"have.length\", 4);",
              "err": {},
              "uuid": "6ceefb83-7456-46b2-b850-cd6a0c64dda8",
              "parentUUID": "2d3e2b59-69af-491e-a1e9-ef5bdf62ec54",
              "isHook": false,
              "skipped": false
            },
            {
              "title": "В другій секцій перший пункт списку має мати заголовок h3 та p",
              "fullTitle": "Перевірка тега main - друга секція В другій секцій перший пункт списку має мати заголовок h3 та p",
              "timedOut": null,
              "duration": 4187,
              "state": "failed",
              "speed": null,
              "pass": false,
              "fail": true,
              "pending": false,
              "context": null,
              "code": "cy.get(\"main > section:nth-child(2) > ul > li:first-child\").find(\"h3\").should(\"have.text\", \"УВАГА ДО ДЕТАЛЕЙ\");\ncy.get(\"main > section:nth-child(2) > ul > li:first-child\").find(\"p\").should(\"have.text\", \"Ідейні міркування, і навіть початок повсякденної роботи з формування позиції.\");",
              "err": {
                "message": "AssertionError: Timed out retrying after 4000ms: expected '<h3>' to have text 'УВАГА ДО ДЕТАЛЕЙ', but the text was 'Увага до деталей'",
                "estack": "AssertionError: Timed out retrying after 4000ms: expected '<h3>' to have text 'УВАГА ДО ДЕТАЛЕЙ', but the text was 'Увага до деталей'\n    at Context.eval (https://nataliiavalko.github.io/__cypress/tests?p=cypress/e2e/HW/Hw1Test.cy.js:210:76)",
                "diff": "- 'Увага до деталей'\n+ 'УВАГА ДО ДЕТАЛЕЙ'\n"
              },
              "uuid": "40dba7ba-52cb-4001-bb08-da760110a3c2",
              "parentUUID": "2d3e2b59-69af-491e-a1e9-ef5bdf62ec54",
              "isHook": false,
              "skipped": false
            },
            {
              "title": "В другій секцій другий пункт списку має мати заголовок h3 та p",
              "fullTitle": "Перевірка тега main - друга секція В другій секцій другий пункт списку має мати заголовок h3 та p",
              "timedOut": null,
              "duration": 4149,
              "state": "failed",
              "speed": null,
              "pass": false,
              "fail": true,
              "pending": false,
              "context": null,
              "code": "cy.get(\"main > section:nth-child(2) > ul > li:nth-child(2)\").find(\"h3\").should(\"have.text\", \"ПУНКТУАЛЬНІСТЬ\");\ncy.get(\"main > section:nth-child(2) > ul > li:nth-child(2)\").find(\"p\").should(\"have.text\", \"Завдання організації, особливо рамки і місце навчання кадрів тягне у себе.\");",
              "err": {
                "message": "AssertionError: Timed out retrying after 4000ms: expected '<h3>' to have text 'ПУНКТУАЛЬНІСТЬ', but the text was 'Пунктуальність'",
                "estack": "AssertionError: Timed out retrying after 4000ms: expected '<h3>' to have text 'ПУНКТУАЛЬНІСТЬ', but the text was 'Пунктуальність'\n    at Context.eval (https://nataliiavalko.github.io/__cypress/tests?p=cypress/e2e/HW/Hw1Test.cy.js:214:77)",
                "diff": "- 'Пунктуальність'\n+ 'ПУНКТУАЛЬНІСТЬ'\n"
              },
              "uuid": "4dcf2325-69a8-4bfa-88fc-763a3bb50e1c",
              "parentUUID": "2d3e2b59-69af-491e-a1e9-ef5bdf62ec54",
              "isHook": false,
              "skipped": false
            },
            {
              "title": "В другій секцій третій пункт списку має мати заголовок h3 та p",
              "fullTitle": "Перевірка тега main - друга секція В другій секцій третій пункт списку має мати заголовок h3 та p",
              "timedOut": null,
              "duration": 4248,
              "state": "failed",
              "speed": null,
              "pass": false,
              "fail": true,
              "pending": false,
              "context": null,
              "code": "cy.get(\"main > section:nth-child(2) > ul > li:nth-child(3)\").find(\"h3\").should(\"have.text\", \"ПЛАНУВАННЯ\");\ncy.get(\"main > section:nth-child(2) > ul > li:nth-child(3)\").find(\"p\").should(\"have.text\", \"Так само консультація з широким активом значною мірою зумовлює.\");",
              "err": {
                "message": "AssertionError: Timed out retrying after 4000ms: expected '<h3>' to have text 'ПЛАНУВАННЯ', but the text was 'Планування'",
                "estack": "AssertionError: Timed out retrying after 4000ms: expected '<h3>' to have text 'ПЛАНУВАННЯ', but the text was 'Планування'\n    at Context.eval (https://nataliiavalko.github.io/__cypress/tests?p=cypress/e2e/HW/Hw1Test.cy.js:218:77)",
                "diff": "- 'Планування'\n+ 'ПЛАНУВАННЯ'\n"
              },
              "uuid": "c3e84d9c-99ed-47a0-b2a3-7abe46a19187",
              "parentUUID": "2d3e2b59-69af-491e-a1e9-ef5bdf62ec54",
              "isHook": false,
              "skipped": false
            },
            {
              "title": "В другій секцій останій пункт списку має мати заголовок h3 та p",
              "fullTitle": "Перевірка тега main - друга секція В другій секцій останій пункт списку має мати заголовок h3 та p",
              "timedOut": null,
              "duration": 4160,
              "state": "failed",
              "speed": null,
              "pass": false,
              "fail": true,
              "pending": false,
              "context": null,
              "code": "cy.get(\"main > section:nth-child(2) > ul > li:nth-child(4)\").find(\"h3\").should(\"have.text\", \"СУЧАСНІ ТЕХНОЛОГІЇ\");\ncy.get(\"main > section:nth-child(2) > ul > li:nth-child(4)\").find(\"p\").should(\"have.text\", \"Значимість цих проблем настільки очевидна, що реалізація планових завдань.\");",
              "err": {
                "message": "AssertionError: Timed out retrying after 4000ms: expected '<h3>' to have text 'СУЧАСНІ ТЕХНОЛОГІЇ', but the text was 'Сучасні технології'",
                "estack": "AssertionError: Timed out retrying after 4000ms: expected '<h3>' to have text 'СУЧАСНІ ТЕХНОЛОГІЇ', but the text was 'Сучасні технології'\n    at Context.eval (https://nataliiavalko.github.io/__cypress/tests?p=cypress/e2e/HW/Hw1Test.cy.js:222:77)",
                "diff": "- 'Сучасні технології'\n+ 'СУЧАСНІ ТЕХНОЛОГІЇ'\n"
              },
              "uuid": "7d4bd26e-8ebe-431a-8603-c52d9eb89398",
              "parentUUID": "2d3e2b59-69af-491e-a1e9-ef5bdf62ec54",
              "isHook": false,
              "skipped": false
            }
          ],
          "suites": [],
          "passes": [
            "36690450-2789-4d26-8696-432eb81e02a1",
            "06f94a89-0a21-44d1-84b5-23832437bad5",
            "6ceefb83-7456-46b2-b850-cd6a0c64dda8"
          ],
          "failures": [
            "c122a7d4-9bb2-45ee-a312-0194a647aeb8",
            "40dba7ba-52cb-4001-bb08-da760110a3c2",
            "4dcf2325-69a8-4bfa-88fc-763a3bb50e1c",
            "c3e84d9c-99ed-47a0-b2a3-7abe46a19187",
            "7d4bd26e-8ebe-431a-8603-c52d9eb89398"
          ],
          "pending": [],
          "skipped": [],
          "duration": 20983,
          "root": false,
          "rootEmpty": false,
          "_timeout": 2000
        },
        {
          "uuid": "f2c8787d-aa00-42f1-96f4-d870e1b7e947",
          "title": "Перевірка тега main - третя секція",
          "fullFile": "",
          "file": "",
          "beforeHooks": [],
          "afterHooks": [],
          "tests": [
            {
              "title": "Третя секція знаходиться всередині тега main",
              "fullTitle": "Перевірка тега main - третя секція Третя секція знаходиться всередині тега main",
              "timedOut": null,
              "duration": 24,
              "state": "passed",
              "speed": "fast",
              "pass": true,
              "fail": false,
              "pending": false,
              "context": null,
              "code": "cy.get(\"main > section:nth-child(3)\").should(\"be.visible\");",
              "err": {},
              "uuid": "e6239c67-1b9f-40ed-acc5-9e29e65b3f08",
              "parentUUID": "f2c8787d-aa00-42f1-96f4-d870e1b7e947",
              "isHook": false,
              "skipped": false
            },
            {
              "title": "В третій секції знаходиться заголовок h2",
              "fullTitle": "Перевірка тега main - третя секція В третій секції знаходиться заголовок h2",
              "timedOut": null,
              "duration": 36,
              "state": "passed",
              "speed": "fast",
              "pass": true,
              "fail": false,
              "pending": false,
              "context": null,
              "code": "cy.get(\"main > section:nth-child(3) > h2\").should(\"be.visible\");",
              "err": {},
              "uuid": "bc0dcee3-115c-4616-b711-0eb582c1b43b",
              "parentUUID": "f2c8787d-aa00-42f1-96f4-d870e1b7e947",
              "isHook": false,
              "skipped": false
            },
            {
              "title": "В третій секції знаходиться заголовок h2 з контентом - Чим ми займаємося",
              "fullTitle": "Перевірка тега main - третя секція В третій секції знаходиться заголовок h2 з контентом - Чим ми займаємося",
              "timedOut": null,
              "duration": 22,
              "state": "passed",
              "speed": "fast",
              "pass": true,
              "fail": false,
              "pending": false,
              "context": null,
              "code": "cy.get(\"main > section:nth-child(3) > h2\").should(\"have.text\", \"Чим ми займаємося\");",
              "err": {},
              "uuid": "9fe8639e-1f91-453e-8630-4e5a88d756c4",
              "parentUUID": "f2c8787d-aa00-42f1-96f4-d870e1b7e947",
              "isHook": false,
              "skipped": false
            },
            {
              "title": "В третій секції після заголовка йде список з 3-х пунктів",
              "fullTitle": "Перевірка тега main - третя секція В третій секції після заголовка йде список з 3-х пунктів",
              "timedOut": null,
              "duration": 80,
              "state": "passed",
              "speed": "fast",
              "pass": true,
              "fail": false,
              "pending": false,
              "context": null,
              "code": "cy.get(\"main > section:nth-child(3) > ul\").children(\"li\").should(\"have.length\", 3);",
              "err": {},
              "uuid": "69081a27-48e9-4270-ba83-75272b11cec2",
              "parentUUID": "f2c8787d-aa00-42f1-96f4-d870e1b7e947",
              "isHook": false,
              "skipped": false
            },
            {
              "title": "В третій секцій перший пункт списку має мати картинку з атрибутами src з адресою що включає шлях - ./images, alt - з контентом, width - з контентом, height - з контентом",
              "fullTitle": "Перевірка тега main - третя секція В третій секцій перший пункт списку має мати картинку з атрибутами src з адресою що включає шлях - ./images, alt - з контентом, width - з контентом, height - з контентом",
              "timedOut": null,
              "duration": 96,
              "state": "passed",
              "speed": "fast",
              "pass": true,
              "fail": false,
              "pending": false,
              "context": null,
              "code": "cy.get(\"main > section:nth-child(3) > ul > li:first-child\").find(\"img\").invoke(\"attr\", \"src\").should(\"includes\", \"./images\");\ncy.get(\"main > section:nth-child(3) > ul > li:first-child\").find(\"img\").invoke(\"attr\", \"alt\").should(\"not.be.eq\", \"\");\ncy.get(\"main > section:nth-child(3) > ul > li:first-child\").find(\"img\").invoke(\"attr\", \"width\").should(\"not.be.eq\", \"\");\ncy.get(\"main > section:nth-child(3) > ul > li:first-child\").find(\"img\").invoke(\"attr\", \"height\").should(\"not.be.eq\", \"\");",
              "err": {},
              "uuid": "f44d1843-b447-4284-b0a0-bac104c8b925",
              "parentUUID": "f2c8787d-aa00-42f1-96f4-d870e1b7e947",
              "isHook": false,
              "skipped": false
            },
            {
              "title": "В третій секцій другий пункт списку має мати картинку з атрибутами src з адресою що включає шлях - ./images, alt - з контентом, width - з контентом, height - з контентом",
              "fullTitle": "Перевірка тега main - третя секція В третій секцій другий пункт списку має мати картинку з атрибутами src з адресою що включає шлях - ./images, alt - з контентом, width - з контентом, height - з контентом",
              "timedOut": null,
              "duration": 53,
              "state": "passed",
              "speed": "fast",
              "pass": true,
              "fail": false,
              "pending": false,
              "context": null,
              "code": "cy.get(\"main > section:nth-child(3) > ul > li:nth-child(2)\").find(\"img\").invoke(\"attr\", \"src\").should(\"includes\", \"./images\");\ncy.get(\"main > section:nth-child(3) > ul > li:nth-child(2)\").find(\"img\").invoke(\"attr\", \"alt\").should(\"not.be.eq\", \"\");\ncy.get(\"main > section:nth-child(3) > ul > li:nth-child(2)\").find(\"img\").invoke(\"attr\", \"width\").should(\"not.be.eq\", \"\");\ncy.get(\"main > section:nth-child(3) > ul > li:nth-child(2)\").find(\"img\").invoke(\"attr\", \"height\").should(\"not.be.eq\", \"\");",
              "err": {},
              "uuid": "acc3328f-7ac4-40f0-9cdf-7a9b4741899f",
              "parentUUID": "f2c8787d-aa00-42f1-96f4-d870e1b7e947",
              "isHook": false,
              "skipped": false
            },
            {
              "title": "В третій секцій останій пункт списку має мати картинку з атрибутами src з адресою що включає шлях - ./images, alt - з контентом, width - з контентом, height - з контентом",
              "fullTitle": "Перевірка тега main - третя секція В третій секцій останій пункт списку має мати картинку з атрибутами src з адресою що включає шлях - ./images, alt - з контентом, width - з контентом, height - з контентом",
              "timedOut": null,
              "duration": 87,
              "state": "passed",
              "speed": "fast",
              "pass": true,
              "fail": false,
              "pending": false,
              "context": null,
              "code": "cy.get(\"main > section:nth-child(3) > ul > li:last-child\").find(\"img\").invoke(\"attr\", \"src\").should(\"includes\", \"./images\");\ncy.get(\"main > section:nth-child(3) > ul > li:last-child\").find(\"img\").invoke(\"attr\", \"alt\").should(\"not.be.eq\", \"\");\ncy.get(\"main > section:nth-child(3) > ul > li:last-child\").find(\"img\").invoke(\"attr\", \"width\").should(\"not.be.eq\", \"\");\ncy.get(\"main > section:nth-child(3) > ul > li:last-child\").find(\"img\").invoke(\"attr\", \"height\").should(\"not.be.eq\", \"\");",
              "err": {},
              "uuid": "21c1b6ec-3c76-41af-a7a9-a8b1b5e9b6d1",
              "parentUUID": "f2c8787d-aa00-42f1-96f4-d870e1b7e947",
              "isHook": false,
              "skipped": false
            }
          ],
          "suites": [],
          "passes": [
            "e6239c67-1b9f-40ed-acc5-9e29e65b3f08",
            "bc0dcee3-115c-4616-b711-0eb582c1b43b",
            "9fe8639e-1f91-453e-8630-4e5a88d756c4",
            "69081a27-48e9-4270-ba83-75272b11cec2",
            "f44d1843-b447-4284-b0a0-bac104c8b925",
            "acc3328f-7ac4-40f0-9cdf-7a9b4741899f",
            "21c1b6ec-3c76-41af-a7a9-a8b1b5e9b6d1"
          ],
          "failures": [],
          "pending": [],
          "skipped": [],
          "duration": 398,
          "root": false,
          "rootEmpty": false,
          "_timeout": 2000
        }
      ],
      "passes": [],
      "failures": [],
      "pending": [],
      "skipped": [],
      "duration": 0,
      "root": true,
      "rootEmpty": true,
      "_timeout": 2000
    }
  ],
  "meta": {
    "mocha": {
      "version": "7.0.1"
    },
    "mochawesome": {
      "options": {
        "quiet": false,
        "reportFilename": "[hash]",
        "saveHtml": true,
        "saveJson": true,
        "consoleReporter": "spec",
        "useInlineDiffs": false,
        "code": true
      },
      "version": "7.1.3"
    },
    "marge": {
      "options": {
        "reportDir": "cypress/results",
        "reportFilename": "[hash]",
        "overwrite": true,
        "html": true,
        "json": true
      },
      "version": "6.2.0"
    }
  }
}